#
# A fatal error has been detected by the Java Runtime Environment:
#
#  EXCEPTION_ACCESS_VIOLATION (0xc0000005) at pc=0x0000000180008b5a, pid=3736, tid=2208
#
# JRE version: OpenJDK Runtime Environment Temurin-17.0.5+8 (17.0.5+8) (build 17.0.5+8)
# Java VM: OpenJDK 64-Bit Server VM Temurin-17.0.5+8 (17.0.5+8, mixed mode, tiered, compressed oops, compressed class ptrs, g1 gc, windows-amd64)
# Problematic frame:
# C  [LavasoftTcpService64.dll+0x8b5a]
#
# No core dump will be written. Minidumps are not enabled by default on client versions of Windows
#
# If you would like to submit a bug report, please visit:
#   https://github.com/adoptium/adoptium-support/issues
# The crash happened outside the Java Virtual Machine in native code.
# See problematic frame for where to report the bug.
#

---------------  S U M M A R Y ------------

Command Line: -ea -Dfile.encoding=windows-1252 -XX:+ShowCodeDetailsInExceptionMessages org.eclipse.jdt.internal.junit.runner.RemoteTestRunner -version 3 -port 50286 -testLoaderClass org.eclipse.jdt.internal.junit4.runner.JUnit4TestLoader -loaderpluginname org.eclipse.jdt.junit4.runtime -classNames TestCases.RealizarCompraComSucessoTest

Host: Intel(R) Core(TM) i7-4790 CPU @ 3.60GHz, 8 cores, 7G,  Windows 8.1 , 64 bit Build 9600 (6.3.9600.20778)
Time: Fri Mar 24 20:36:40 2023 Hora oficial do Brasil elapsed time: 4.586174 seconds (0d 0h 0m 4s)

---------------  T H R E A D  ---------------

Current thread (0x0000005d3e9a6fa0):  JavaThread "main" [_thread_in_native, id=2208, stack(0x0000005d3e030000,0x0000005d3e130000)]

Stack: [0x0000005d3e030000,0x0000005d3e130000],  sp=0x0000005d3e12c8d8,  free space=1010k
Native frames: (J=compiled Java code, j=interpreted, Vv=VM code, C=native code)
C  [LavasoftTcpService64.dll+0x8b5a]

Java frames: (J=compiled Java code, j=interpreted, Vv=VM code)
j  sun.nio.ch.WEPoll.ctl(JIJI)I+0 java.base@17.0.5
j  sun.nio.ch.WEPollSelectorImpl.<init>(Ljava/nio/channels/spi/SelectorProvider;)V+139 java.base@17.0.5
j  sun.nio.ch.WEPollSelectorProvider.openSelector()Ljava/nio/channels/spi/AbstractSelector;+5 java.base@17.0.5
j  io.netty.channel.nio.NioEventLoop.openSelector()Lio/netty/channel/nio/NioEventLoop$SelectorTuple;+4
j  io.netty.channel.nio.NioEventLoop.<init>(Lio/netty/channel/nio/NioEventLoopGroup;Ljava/util/concurrent/Executor;Ljava/nio/channels/spi/SelectorProvider;Lio/netty/channel/SelectStrategy;Lio/netty/util/concurrent/RejectedExecutionHandler;Lio/netty/channel/EventLoopTaskQueueFactory;Lio/netty/channel/EventLoopTaskQueueFactory;)V+79
j  io.netty.channel.nio.NioEventLoopGroup.newChild(Ljava/util/concurrent/Executor;[Ljava/lang/Object;)Lio/netty/channel/EventLoop;+81
j  io.netty.channel.nio.NioEventLoopGroup.newChild(Ljava/util/concurrent/Executor;[Ljava/lang/Object;)Lio/netty/util/concurrent/EventExecutor;+3
j  io.netty.util.concurrent.MultithreadEventExecutorGroup.<init>(ILjava/util/concurrent/Executor;Lio/netty/util/concurrent/EventExecutorChooserFactory;[Ljava/lang/Object;)V+82
j  io.netty.util.concurrent.MultithreadEventExecutorGroup.<init>(ILjava/util/concurrent/Executor;[Ljava/lang/Object;)V+7
j  io.netty.util.concurrent.MultithreadEventExecutorGroup.<init>(ILjava/util/concurrent/ThreadFactory;[Ljava/lang/Object;)V+19
j  io.netty.channel.MultithreadEventLoopGroup.<init>(ILjava/util/concurrent/ThreadFactory;[Ljava/lang/Object;)V+14
j  io.netty.channel.nio.NioEventLoopGroup.<init>(ILjava/util/concurrent/ThreadFactory;Ljava/nio/channels/spi/SelectorProvider;Lio/netty/channel/SelectStrategyFactory;)V+22
j  io.netty.channel.nio.NioEventLoopGroup.<init>(ILjava/util/concurrent/ThreadFactory;Ljava/nio/channels/spi/SelectorProvider;)V+7
j  io.netty.channel.nio.NioEventLoopGroup.<init>(ILjava/util/concurrent/ThreadFactory;)V+6
j  org.asynchttpclient.netty.channel.NioTransportFactory.newEventLoopGroup(ILjava/util/concurrent/ThreadFactory;)Lio/netty/channel/nio/NioEventLoopGroup;+6
j  org.asynchttpclient.netty.channel.NioTransportFactory.newEventLoopGroup(ILjava/util/concurrent/ThreadFactory;)Lio/netty/channel/EventLoopGroup;+3
j  org.asynchttpclient.netty.channel.ChannelManager.<init>(Lorg/asynchttpclient/AsyncHttpClientConfig;Lio/netty/util/Timer;)V+224
j  org.asynchttpclient.DefaultAsyncHttpClient.<init>(Lorg/asynchttpclient/AsyncHttpClientConfig;)V+89
j  org.asynchttpclient.Dsl.asyncHttpClient(Lorg/asynchttpclient/DefaultAsyncHttpClientConfig$Builder;)Lorg/asynchttpclient/AsyncHttpClient;+8
j  org.openqa.selenium.remote.http.netty.NettyClient.createHttpClient(Lorg/openqa/selenium/remote/http/ClientConfig;)Lorg/asynchttpclient/AsyncHttpClient;+106
j  org.openqa.selenium.remote.http.netty.NettyClient.<clinit>()V+3
v  ~StubRoutines::call_stub
j  org.openqa.selenium.remote.http.netty.NettyClient$Factory.createClient(Lorg/openqa/selenium/remote/http/ClientConfig;)Lorg/openqa/selenium/remote/http/HttpClient;+38
j  org.openqa.selenium.remote.HttpCommandExecutor.<init>(Ljava/util/Map;Lorg/openqa/selenium/remote/http/ClientConfig;Lorg/openqa/selenium/remote/http/HttpClient$Factory;)V+59
j  org.openqa.selenium.remote.HttpCommandExecutor.<init>(Ljava/util/Map;Ljava/net/URL;Lorg/openqa/selenium/remote/http/HttpClient$Factory;)V+18
j  org.openqa.selenium.remote.HttpCommandExecutor.<init>(Ljava/util/Map;Ljava/net/URL;)V+22
j  org.openqa.selenium.remote.service.DriverCommandExecutor.<init>(Lorg/openqa/selenium/remote/service/DriverService;Ljava/util/Map;)V+6
j  org.openqa.selenium.chromium.ChromiumDriverCommandExecutor.<init>(Lorg/openqa/selenium/remote/service/DriverService;Ljava/util/Map;)V+6
j  org.openqa.selenium.chrome.ChromeDriver$ChromeDriverCommandExecutor.<init>(Lorg/openqa/selenium/remote/service/DriverService;)V+5
j  org.openqa.selenium.chrome.ChromeDriver.<init>(Lorg/openqa/selenium/chrome/ChromeDriverService;Lorg/openqa/selenium/chrome/ChromeOptions;)V+6
j  org.openqa.selenium.chrome.ChromeDriver.<init>(Lorg/openqa/selenium/chrome/ChromeOptions;)V+6
j  FrameWork.Browser.DriverManager.getManagerDriver(LFrameWork/Browser/TypeBrowser;)Lorg/openqa/selenium/WebDriver;+91
j  FrameWork.Browser.DriverManager.getDriver(LFrameWork/Browser/TypeBrowser;)Lorg/openqa/selenium/WebDriver;+7
j  FrameWork.TestBase.getDriverManager()Lorg/openqa/selenium/WebDriver;+3
j  TestCases.RealizarCompraComSucessoTest.<init>()V+5
v  ~StubRoutines::call_stub
j  jdk.internal.reflect.NativeConstructorAccessorImpl.newInstance0(Ljava/lang/reflect/Constructor;[Ljava/lang/Object;)Ljava/lang/Object;+0 java.base@17.0.5
j  jdk.internal.reflect.NativeConstructorAccessorImpl.newInstance([Ljava/lang/Object;)Ljava/lang/Object;+118 java.base@17.0.5
J 852 c1 jdk.internal.reflect.DelegatingConstructorAccessorImpl.newInstance([Ljava/lang/Object;)Ljava/lang/Object; java.base@17.0.5 (9 bytes) @ 0x0000005d427603bc [0x0000005d427602c0+0x00000000000000fc]
j  java.lang.reflect.Constructor.newInstanceWithCaller([Ljava/lang/Object;ZLjava/lang/Class;)Ljava/lang/Object;+65 java.base@17.0.5
j  java.lang.reflect.Constructor.newInstance([Ljava/lang/Object;)Ljava/lang/Object;+30 java.base@17.0.5
j  org.junit.runners.BlockJUnit4ClassRunner.createTest()Ljava/lang/Object;+11
j  org.junit.runners.BlockJUnit4ClassRunner.createTest(Lorg/junit/runners/model/FrameworkMethod;)Ljava/lang/Object;+1
j  org.junit.runners.BlockJUnit4ClassRunner$2.runReflectiveCall()Ljava/lang/Object;+8
j  org.junit.internal.runners.model.ReflectiveCallable.run()Ljava/lang/Object;+1
j  org.junit.runners.BlockJUnit4ClassRunner.methodBlock(Lorg/junit/runners/model/FrameworkMethod;)Lorg/junit/runners/model/Statement;+9
j  org.junit.runners.BlockJUnit4ClassRunner$1.evaluate()V+8
j  org.junit.runners.ParentRunner.runLeaf(Lorg/junit/runners/model/Statement;Lorg/junit/runner/Description;Lorg/junit/runner/notification/RunNotifier;)V+17
j  org.junit.runners.BlockJUnit4ClassRunner.runChild(Lorg/junit/runners/model/FrameworkMethod;Lorg/junit/runner/notification/RunNotifier;)V+38
j  org.junit.runners.BlockJUnit4ClassRunner.runChild(Ljava/lang/Object;Lorg/junit/runner/notification/RunNotifier;)V+6
j  org.junit.runners.ParentRunner$4.run()V+12
j  org.junit.runners.ParentRunner$1.schedule(Ljava/lang/Runnable;)V+1
j  org.junit.runners.ParentRunner.runChildren(Lorg/junit/runner/notification/RunNotifier;)V+44
j  org.junit.runners.ParentRunner.access$100(Lorg/junit/runners/ParentRunner;Lorg/junit/runner/notification/RunNotifier;)V+2
j  org.junit.runners.ParentRunner$2.evaluate()V+8
j  org.junit.runners.ParentRunner$3.evaluate()V+4
j  org.junit.runners.ParentRunner.run(Lorg/junit/runner/notification/RunNotifier;)V+24
j  org.eclipse.jdt.internal.junit4.runner.JUnit4TestReference.run(Lorg/eclipse/jdt/internal/junit/runner/TestExecution;)V+72
j  org.eclipse.jdt.internal.junit.runner.TestExecution.run([Lorg/eclipse/jdt/internal/junit/runner/ITestReference;)V+27
j  org.eclipse.jdt.internal.junit.runner.RemoteTestRunner.runTests([Ljava/lang/String;Ljava/lang/String;Lorg/eclipse/jdt/internal/junit/runner/TestExecution;)V+62
j  org.eclipse.jdt.internal.junit.runner.RemoteTestRunner.runTests(Lorg/eclipse/jdt/internal/junit/runner/TestExecution;)V+10
j  org.eclipse.jdt.internal.junit.runner.RemoteTestRunner.run()V+70
j  org.eclipse.jdt.internal.junit.runner.RemoteTestRunner.main([Ljava/lang/String;)V+14
v  ~StubRoutines::call_stub

siginfo: EXCEPTION_ACCESS_VIOLATION (0xc0000005), writing address 0x000000018080857b


Register to memory mapping:

RIP=0x0000000180008b5a LavasoftTcpService64.dll
RAX=0x0 is NULL
RBX=0x0000005d5e01bf08 points into unknown readable memory: 0x0000000000000000 | 00 00 00 00 00 00 00 00
RCX=0x0000000000000708 is an unknown value
RDX=0x0000000000000002 is an unknown value
RSP=0x0000005d3e12c8d8 is pointing into the stack for thread: 0x0000005d3e9a6fa0
RBP=0x00000000000006f8 is an unknown value
RSI=0x0000005d5e6a6a40 points into unknown readable memory: 0x0000005d5e6a6a40 | 40 6a 6a 5e 5d 00 00 00
RDI=0x00000000000006f8 is an unknown value
R8 =0x0 is NULL
R9 =0x000000000000001f is an unknown value
R10=0x0000000000000708 is an unknown value
R11=0x0000005d3e9956d0 points into unknown readable memory: 0x00000000000007d0 | d0 07 00 00 00 00 00 00
R12=0x0000000000000720 is an unknown value
R13={method} {0x0000005d5ff6f1d8} 'ctl' '(JIJI)I' in 'sun/nio/ch/WEPoll'
R14=0x0000005d5e6a6a10 points into unknown readable memory: 0x00000000000006f8 | f8 06 00 00 00 00 00 00
R15=0x0000005d3e12cb00 is pointing into the stack for thread: 0x0000005d3e9a6fa0


Registers:
RAX=0x0000000000000000, RBX=0x0000005d5e01bf08, RCX=0x0000000000000708, RDX=0x0000000000000002
RSP=0x0000005d3e12c8d8, RBP=0x00000000000006f8, RSI=0x0000005d5e6a6a40, RDI=0x00000000000006f8
R8 =0x0000000000000000, R9 =0x000000000000001f, R10=0x0000000000000708, R11=0x0000005d3e9956d0
R12=0x0000000000000720, R13=0x0000005d5ff6f1d0, R14=0x0000005d5e6a6a10, R15=0x0000005d3e12cb00
RIP=0x0000000180008b5a, EFLAGS=0x0000000000010246

Top of Stack: (sp=0x0000005d3e12c8d8)
0x0000005d3e12c8d8:   0000005d5e01bf08 0000763c56a1a5a3
0x0000005d3e12c8e8:   000000018002ecac 0000000000000708
0x0000005d3e12c8f8:   00000001800180a8 0000005d3e12c950
0x0000005d3e12c908:   0000000000002736 0000000000000000
0x0000005d3e12c918:   000000000000001f 00000000000006f8
0x0000005d3e12c928:   0000000180008a88 0000005d5e01bf08
0x0000005d3e12c938:   0000005d5e01bf08 0000000000000000
0x0000005d3e12c948:   00000000000006f8 0000000000002736
0x0000005d3e12c958:   0000000000000000 0000000000000000
0x0000005d3e12c968:   0000000000000000 00000000000006f8
0x0000005d3e12c978:   00007ff9f35d76e2 0000000000000708
0x0000005d3e12c988:   0000000000000602 0000005d5e6a6a40
0x0000005d3e12c998:   0000005d42046000 0000000000000000
0x0000005d3e12c9a8:   0000000000000000 0000005d00000003
0x0000005d3e12c9b8:   0000005d00000001 0000005d00000000
0x0000005d3e12c9c8:   0000000000000000 0000000000000000 

Instructions: (pc=0x0000000180008b5a)
0x0000000180008a5a:   8b 44 24 50 48 8d 15 0b ee 03 00 48 8b 4c 24 28
0x0000000180008a6a:   e8 65 62 02 00 48 8b 4c 24 28 e8 0f 61 02 00 0f
0x0000000180008a7a:   b6 54 24 58 48 8b 4c 24 50 e8 b8 00 00 00 eb 4c
0x0000000180008a8a:   48 8d 54 24 20 48 8b 4c 24 30 e8 07 f5 00 00 48
0x0000000180008a9a:   83 7c 24 28 00 74 28 0f b6 44 24 58 44 8b c8 4c
0x0000000180008aaa:   8b 44 24 50 48 8d 15 cb ed 03 00 48 8b 4c 24 28
0x0000000180008aba:   e8 15 62 02 00 48 8b 4c 24 28 e8 bf 60 02 00 33
0x0000000180008aca:   c9 ff 15 3f c6 03 00 b8 01 00 00 00 48 83 c4 48
0x0000000180008ada:   c3 cc cc cc cc cc 48 83 ec 28 0f b6 05 0d b4 05
0x0000000180008aea:   00 85 c0 74 3e 48 83 3d 09 b4 05 00 00 74 34 c6
0x0000000180008afa:   05 f8 b3 05 00 00 48 c7 05 f5 b3 05 00 00 00 00
0x0000000180008b0a:   00 44 0f b6 0d e6 b3 05 00 44 8b 05 fe b3 05 00
0x0000000180008b1a:   48 8d 15 ff b3 05 00 48 8b 0d e0 b3 05 00 e8 83
0x0000000180008b2a:   1c 02 00 48 83 c4 28 c3 cc cc cc cc cc cc cc cc
0x0000000180008b3a:   cc cc cc cc cc cc 48 83 ec 48 0f b6 c2 a9 fc ff
0x0000000180008b4a:   ff ff 0f 85 fb 3c 0b 00 f6 ff 25 00 00 00 00 53
0x0000000180008b5a:   d2 3d 1b fa 7f 00 00 af 04 24 89 04 24 8b 44 24
0x0000000180008b6a:   04 0f af 04 24 ff c0 89 04 24 8b 44 24 04 0f af
0x0000000180008b7a:   04 24 83 c0 02 89 04 24 8b 44 24 04 0f af 04 24
0x0000000180008b8a:   83 c0 03 89 04 24 8b 44 24 04 0f af 04 24 83 c0
0x0000000180008b9a:   04 89 04 24 8b 44 24 04 0f af 04 24 83 c0 05 89
0x0000000180008baa:   04 24 8b 44 24 04 0f af 04 24 83 c0 06 89 04 24
0x0000000180008bba:   8b 44 24 04 0f af 04 24 83 c0 07 89 04 24 8b 44
0x0000000180008bca:   24 04 0f af 04 24 83 c0 08 89 04 24 8b 44 24 04
0x0000000180008bda:   0f af 04 24 83 c0 09 89 04 24 8b 44 24 04 0f af
0x0000000180008bea:   04 24 83 c0 0a 89 04 24 8b 44 24 04 0f af 04 24
0x0000000180008bfa:   83 c0 0b 89 04 24 8b 44 24 04 0f af 04 24 83 c0
0x0000000180008c0a:   0d 89 04 24 8b 44 24 04 0f af 04 24 83 c0 0e 89
0x0000000180008c1a:   04 24 8b 44 24 04 0f af 04 24 83 c0 0f 89 04 24
0x0000000180008c2a:   8b 44 24 04 0f af 04 24 83 c0 10 89 04 24 8b 44
0x0000000180008c3a:   24 04 0f af 04 24 83 c0 11 89 04 24 8b 44 24 04
0x0000000180008c4a:   0f af 04 24 83 c0 12 89 04 24 8b 44 24 04 0f af 


Stack slot to memory mapping:
stack at sp + 0 slots: 0x0000005d5e01bf08 points into unknown readable memory: 0x0000000000000000 | 00 00 00 00 00 00 00 00
stack at sp + 1 slots: 0x0000763c56a1a5a3 is an unknown value
stack at sp + 2 slots: 0x000000018002ecac LavasoftTcpService64.dll
stack at sp + 3 slots: 0x0000000000000708 is an unknown value
stack at sp + 4 slots: 0x00000001800180a8 LavasoftTcpService64.dll
stack at sp + 5 slots: 0x0000005d3e12c950 is pointing into the stack for thread: 0x0000005d3e9a6fa0
stack at sp + 6 slots: 0x0000000000002736 is an unknown value
stack at sp + 7 slots: 0x0 is NULL


---------------  P R O C E S S  ---------------

Threads class SMR info:
_java_thread_list=0x0000005d5e022a30, length=16, elements={
0x0000005d3e9a6fa0, 0x0000005d5882e970, 0x0000005d598286f0, 0x0000005d59883010,
0x0000005d59883ad0, 0x0000005d59886690, 0x0000005d59891160, 0x0000005d598953f0,
0x0000005d59895e90, 0x0000005d598a1060, 0x0000005d599e7500, 0x0000005d59a0ae10,
0x0000005d5c0a7580, 0x0000005d5d799550, 0x0000005d5eb748c0, 0x0000005d5e6878f0
}

Java Threads: ( => current thread )
=>0x0000005d3e9a6fa0 JavaThread "main" [_thread_in_native, id=2208, stack(0x0000005d3e030000,0x0000005d3e130000)]
  0x0000005d5882e970 JavaThread "Reference Handler" daemon [_thread_blocked, id=9296, stack(0x0000005d59c00000,0x0000005d59d00000)]
  0x0000005d598286f0 JavaThread "Finalizer" daemon [_thread_blocked, id=7212, stack(0x0000005d59d00000,0x0000005d59e00000)]
  0x0000005d59883010 JavaThread "Signal Dispatcher" daemon [_thread_blocked, id=8948, stack(0x0000005d59ef0000,0x0000005d59ff0000)]
  0x0000005d59883ad0 JavaThread "Attach Listener" daemon [_thread_blocked, id=7988, stack(0x0000005d59ff0000,0x0000005d5a0f0000)]
  0x0000005d59886690 JavaThread "Service Thread" daemon [_thread_blocked, id=9328, stack(0x0000005d5a0f0000,0x0000005d5a1f0000)]
  0x0000005d59891160 JavaThread "Monitor Deflation Thread" daemon [_thread_blocked, id=6972, stack(0x0000005d5a1f0000,0x0000005d5a2f0000)]
  0x0000005d598953f0 JavaThread "C2 CompilerThread0" daemon [_thread_blocked, id=6236, stack(0x0000005d5a2f0000,0x0000005d5a3f0000)]
  0x0000005d59895e90 JavaThread "C1 CompilerThread0" daemon [_thread_blocked, id=9352, stack(0x0000005d5a3f0000,0x0000005d5a4f0000)]
  0x0000005d598a1060 JavaThread "Sweeper thread" daemon [_thread_blocked, id=3316, stack(0x0000005d5a4f0000,0x0000005d5a5f0000)]
  0x0000005d599e7500 JavaThread "Notification Thread" daemon [_thread_blocked, id=1116, stack(0x0000005d5a5f0000,0x0000005d5a6f0000)]
  0x0000005d59a0ae10 JavaThread "Common-Cleaner" daemon [_thread_blocked, id=9812, stack(0x0000005d5a7f0000,0x0000005d5a8f0000)]
  0x0000005d5c0a7580 JavaThread "ReaderThread" [_thread_in_native, id=9032, stack(0x0000005d5c470000,0x0000005d5c570000)]
  0x0000005d5d799550 JavaThread "C2 CompilerThread1" daemon [_thread_blocked, id=6536, stack(0x0000005d5f6a0000,0x0000005d5f7a0000)]
  0x0000005d5eb748c0 JavaThread "ForkJoinPool.commonPool-worker-1" daemon [_thread_blocked, id=9164, stack(0x0000005d60000000,0x0000005d60100000)]
  0x0000005d5e6878f0 JavaThread "AsyncHttpClient-1-1" daemon [_thread_blocked, id=6000, stack(0x0000005d60100000,0x0000005d60200000)]

Other Threads:
  0x0000005d5882e050 VMThread "VM Thread" [stack: 0x0000005d58e70000,0x0000005d58f70000] [id=6692]
  0x0000005d58635d10 WatcherThread [stack: 0x0000005d5a6f0000,0x0000005d5a7f0000] [id=3148]
  0x0000005d3ea03c90 GCTaskThread "GC Thread#0" [stack: 0x0000005d55ef0000,0x0000005d55ff0000] [id=8288]
  0x0000005d5d17a510 GCTaskThread "GC Thread#1" [stack: 0x0000005d5c6e0000,0x0000005d5c7e0000] [id=8080]
  0x0000005d5dbb3b90 GCTaskThread "GC Thread#2" [stack: 0x0000005d5efa0000,0x0000005d5f0a0000] [id=10148]
  0x0000005d5d4a6ac0 GCTaskThread "GC Thread#3" [stack: 0x0000005d5f0a0000,0x0000005d5f1a0000] [id=1112]
  0x0000005d5e275800 GCTaskThread "GC Thread#4" [stack: 0x0000005d5f1a0000,0x0000005d5f2a0000] [id=292]
  0x0000005d5d4e05f0 GCTaskThread "GC Thread#5" [stack: 0x0000005d5f2a0000,0x0000005d5f3a0000] [id=5288]
  0x0000005d5d05b440 GCTaskThread "GC Thread#6" [stack: 0x0000005d5f3a0000,0x0000005d5f4a0000] [id=7652]
  0x0000005d5d9c7d20 GCTaskThread "GC Thread#7" [stack: 0x0000005d5c370000,0x0000005d5c470000] [id=9444]
  0x0000005d3ea15680 ConcurrentGCThread "G1 Main Marker" [stack: 0x0000005d55ff0000,0x0000005d560f0000] [id=10164]
  0x0000005d3ea16090 ConcurrentGCThread "G1 Conc#0" [stack: 0x0000005d560f0000,0x0000005d561f0000] [id=2528]
  0x0000005d5d757030 ConcurrentGCThread "G1 Conc#1" [stack: 0x0000005d5c5e0000,0x0000005d5c6e0000] [id=4372]
  0x0000005d586a9010 ConcurrentGCThread "G1 Refine#0" [stack: 0x0000005d58c70000,0x0000005d58d70000] [id=4208]
  0x0000005d5e6ac660 ConcurrentGCThread "G1 Refine#1" [stack: 0x0000005d5f4a0000,0x0000005d5f5a0000] [id=3572]
  0x0000005d586aace0 ConcurrentGCThread "G1 Service" [stack: 0x0000005d58d70000,0x0000005d58e70000] [id=10060]

Threads with active compile tasks:

VM state: not at safepoint (normal execution)

VM Mutex/Monitor currently owned by a thread: None

Heap address: 0x0000000080c00000, size: 2036 MB, Compressed Oops mode: 32-bit

CDS archive(s) not mapped
Compressed class space mapped at: 0x0000000100000000-0x0000000140000000, reserved size: 1073741824
Narrow klass base: 0x0000000000000000, Narrow klass shift: 3, Narrow klass range: 0x140000000

GC Precious Log:
 CPUs: 8 total, 8 available
 Memory: 8143M
 Large Page Support: Disabled
 NUMA Support: Disabled
 Compressed Oops: Enabled (32-bit)
 Heap Region Size: 1M
 Heap Min Capacity: 8M
 Heap Initial Capacity: 128M
 Heap Max Capacity: 2036M
 Pre-touch: Disabled
 Parallel Workers: 8
 Concurrent Workers: 2
 Concurrent Refinement Workers: 8
 Periodic GC: Disabled

Heap:
 garbage-first heap   total 45056K, used 30580K [0x0000000080c00000, 0x0000000100000000)
  region size 1024K, 24 young (24576K), 4 survivors (4096K)
 Metaspace       used 27388K, committed 27648K, reserved 1081344K
  class space    used 2922K, committed 3072K, reserved 1048576K

Heap Regions: E=young(eden), S=young(survivor), O=old, HS=humongous(starts), HC=humongous(continues), CS=collection set, F=free, OA=open archive, CA=closed archive, TAMS=top-at-mark-start (previous, next)
|   0|0x0000000080c00000, 0x0000000080d00000, 0x0000000080d00000|100%| O|  |TAMS 0x0000000080d00000, 0x0000000080c00000| Untracked 
|   1|0x0000000080d00000, 0x0000000080e00000, 0x0000000080e00000|100%| O|  |TAMS 0x0000000080e00000, 0x0000000080d00000| Untracked 
|   2|0x0000000080e00000, 0x0000000080f00000, 0x0000000080f00000|100%| O|  |TAMS 0x0000000080f00000, 0x0000000080e00000| Untracked 
|   3|0x0000000080f00000, 0x0000000081000000, 0x0000000081000000|100%| O|  |TAMS 0x0000000081000000, 0x0000000080f00000| Untracked 
|   4|0x0000000081000000, 0x0000000081100000, 0x0000000081100000|100%| O|  |TAMS 0x0000000081100000, 0x0000000081000000| Untracked 
|   5|0x0000000081100000, 0x0000000081200000, 0x0000000081200000|100%| O|  |TAMS 0x0000000081200000, 0x0000000081100000| Untracked 
|   6|0x0000000081200000, 0x0000000081300000, 0x0000000081300000|100%| O|  |TAMS 0x0000000081300000, 0x0000000081200000| Untracked 
|   7|0x0000000081300000, 0x000000008137f800, 0x0000000081400000| 49%| O|  |TAMS 0x000000008137f800, 0x0000000081300000| Untracked 
|   8|0x0000000081400000, 0x0000000081400000, 0x0000000081500000|  0%| F|  |TAMS 0x0000000081400000, 0x0000000081400000| Untracked 
|   9|0x0000000081500000, 0x0000000081500000, 0x0000000081600000|  0%| F|  |TAMS 0x0000000081500000, 0x0000000081500000| Untracked 
|  10|0x0000000081600000, 0x0000000081600000, 0x0000000081700000|  0%| F|  |TAMS 0x0000000081600000, 0x0000000081600000| Untracked 
|  11|0x0000000081700000, 0x0000000081700000, 0x0000000081800000|  0%| F|  |TAMS 0x0000000081700000, 0x0000000081700000| Untracked 
|  12|0x0000000081800000, 0x0000000081800000, 0x0000000081900000|  0%| F|  |TAMS 0x0000000081800000, 0x0000000081800000| Untracked 
|  13|0x0000000081900000, 0x0000000081900000, 0x0000000081a00000|  0%| F|  |TAMS 0x0000000081900000, 0x0000000081900000| Untracked 
|  14|0x0000000081a00000, 0x0000000081a00000, 0x0000000081b00000|  0%| F|  |TAMS 0x0000000081a00000, 0x0000000081a00000| Untracked 
|  15|0x0000000081b00000, 0x0000000081b00000, 0x0000000081c00000|  0%| F|  |TAMS 0x0000000081b00000, 0x0000000081b00000| Untracked 
|  16|0x0000000081c00000, 0x0000000081c00000, 0x0000000081d00000|  0%| F|  |TAMS 0x0000000081c00000, 0x0000000081c00000| Untracked 
|  17|0x0000000081d00000, 0x0000000081d00000, 0x0000000081e00000|  0%| F|  |TAMS 0x0000000081d00000, 0x0000000081d00000| Untracked 
|  18|0x0000000081e00000, 0x0000000081e00000, 0x0000000081f00000|  0%| F|  |TAMS 0x0000000081e00000, 0x0000000081e00000| Untracked 
|  19|0x0000000081f00000, 0x0000000081f00000, 0x0000000082000000|  0%| F|  |TAMS 0x0000000081f00000, 0x0000000081f00000| Untracked 
|  20|0x0000000082000000, 0x0000000082100000, 0x0000000082100000|100%| E|  |TAMS 0x0000000082000000, 0x0000000082000000| Complete 
|  21|0x0000000082100000, 0x0000000082200000, 0x0000000082200000|100%| E|CS|TAMS 0x0000000082100000, 0x0000000082100000| Complete 
|  22|0x0000000082200000, 0x0000000082300000, 0x0000000082300000|100%| E|CS|TAMS 0x0000000082200000, 0x0000000082200000| Complete 
|  23|0x0000000082300000, 0x0000000082400000, 0x0000000082400000|100%| E|CS|TAMS 0x0000000082300000, 0x0000000082300000| Complete 
|  24|0x0000000082400000, 0x0000000082500000, 0x0000000082500000|100%| E|CS|TAMS 0x0000000082400000, 0x0000000082400000| Complete 
|  25|0x0000000082500000, 0x0000000082600000, 0x0000000082600000|100%| E|CS|TAMS 0x0000000082500000, 0x0000000082500000| Complete 
|  26|0x0000000082600000, 0x0000000082700000, 0x0000000082700000|100%| E|CS|TAMS 0x0000000082600000, 0x0000000082600000| Complete 
|  27|0x0000000082700000, 0x0000000082800000, 0x0000000082800000|100%| E|CS|TAMS 0x0000000082700000, 0x0000000082700000| Complete 
|  28|0x0000000082800000, 0x0000000082900000, 0x0000000082900000|100%| E|CS|TAMS 0x0000000082800000, 0x0000000082800000| Complete 
|  29|0x0000000082900000, 0x0000000082a00000, 0x0000000082a00000|100%| E|CS|TAMS 0x0000000082900000, 0x0000000082900000| Complete 
|  30|0x0000000082a00000, 0x0000000082b00000, 0x0000000082b00000|100%| E|CS|TAMS 0x0000000082a00000, 0x0000000082a00000| Complete 
|  31|0x0000000082b00000, 0x0000000082c00000, 0x0000000082c00000|100%| E|CS|TAMS 0x0000000082b00000, 0x0000000082b00000| Complete 
|  32|0x0000000082c00000, 0x0000000082d00000, 0x0000000082d00000|100%| E|CS|TAMS 0x0000000082c00000, 0x0000000082c00000| Complete 
|  33|0x0000000082d00000, 0x0000000082e00000, 0x0000000082e00000|100%| E|CS|TAMS 0x0000000082d00000, 0x0000000082d00000| Complete 
|  34|0x0000000082e00000, 0x0000000082f00000, 0x0000000082f00000|100%| E|CS|TAMS 0x0000000082e00000, 0x0000000082e00000| Complete 
|  35|0x0000000082f00000, 0x0000000083000000, 0x0000000083000000|100%| E|CS|TAMS 0x0000000082f00000, 0x0000000082f00000| Complete 
|  36|0x0000000083000000, 0x0000000083100000, 0x0000000083100000|100%| E|CS|TAMS 0x0000000083000000, 0x0000000083000000| Complete 
|  37|0x0000000083100000, 0x0000000083200000, 0x0000000083200000|100%| E|CS|TAMS 0x0000000083100000, 0x0000000083100000| Complete 
|  38|0x0000000083200000, 0x0000000083300000, 0x0000000083300000|100%| E|CS|TAMS 0x0000000083200000, 0x0000000083200000| Complete 
| 123|0x0000000088700000, 0x000000008875db88, 0x0000000088800000| 36%| S|CS|TAMS 0x0000000088700000, 0x0000000088700000| Complete 
| 124|0x0000000088800000, 0x0000000088900000, 0x0000000088900000|100%| S|CS|TAMS 0x0000000088800000, 0x0000000088800000| Complete 
| 125|0x0000000088900000, 0x0000000088a00000, 0x0000000088a00000|100%| S|CS|TAMS 0x0000000088900000, 0x0000000088900000| Complete 
| 126|0x0000000088a00000, 0x0000000088b00000, 0x0000000088b00000|100%| S|CS|TAMS 0x0000000088a00000, 0x0000000088a00000| Complete 
| 127|0x0000000088b00000, 0x0000000088c00000, 0x0000000088c00000|100%| E|CS|TAMS 0x0000000088b00000, 0x0000000088b00000| Complete 

Card table byte_map: [0x0000005d51750000,0x0000005d51b50000] _byte_map_base: 0x0000005d5134a000

Marking Bits (Prev, Next): (CMBitMap*) 0x0000005d3ea042e0, (CMBitMap*) 0x0000005d3ea042a0
 Prev Bits: [0x0000005d53f20000, 0x0000005d55ef0000)
 Next Bits: [0x0000005d51f50000, 0x0000005d53f20000)

Polling page: 0x0000005d3c790000

Metaspace:

Usage:
  Non-class:     23.89 MB used.
      Class:      2.85 MB used.
       Both:     26.75 MB used.

Virtual space:
  Non-class space:       32.00 MB reserved,      24.00 MB ( 75%) committed,  4 nodes.
      Class space:        1.00 GB reserved,       3.00 MB ( <1%) committed,  1 nodes.
             Both:        1.03 GB reserved,      27.00 MB (  3%) committed. 

Chunk freelists:
   Non-Class:  3.63 MB
       Class:  943.00 KB
        Both:  4.55 MB

MaxMetaspaceSize: unlimited
CompressedClassSpaceSize: 1.00 GB
Initial GC threshold: 21.00 MB
Current GC threshold: 35.56 MB
CDS: off
MetaspaceReclaimPolicy: balanced
 - commit_granule_bytes: 65536.
 - commit_granule_words: 8192.
 - virtual_space_node_default_size: 1048576.
 - enlarge_chunks_in_place: 1.
 - new_chunks_are_fully_committed: 0.
 - uncommit_free_chunks: 1.
 - use_allocation_guard: 0.
 - handle_deallocations: 1.


Internal statistics:

num_allocs_failed_limit: 3.
num_arena_births: 126.
num_arena_deaths: 0.
num_vsnodes_births: 5.
num_vsnodes_deaths: 0.
num_space_committed: 432.
num_space_uncommitted: 0.
num_chunks_returned_to_freelist: 3.
num_chunks_taken_from_freelist: 466.
num_chunk_merges: 0.
num_chunk_splits: 298.
num_chunks_enlarged: 215.
num_purges: 0.
num_inconsistent_stats: 0.

CodeHeap 'non-profiled nmethods': size=120000Kb used=1293Kb max_used=1293Kb free=118706Kb
 bounds [0x0000005d49af0000, 0x0000005d49d60000, 0x0000005d51020000]
CodeHeap 'profiled nmethods': size=120000Kb used=4954Kb max_used=4954Kb free=115045Kb
 bounds [0x0000005d425c0000, 0x0000005d42aa0000, 0x0000005d49af0000]
CodeHeap 'non-nmethods': size=5760Kb used=1249Kb max_used=1282Kb free=4510Kb
 bounds [0x0000005d42020000, 0x0000005d42290000, 0x0000005d425c0000]
 total_blobs=3022 nmethods=2474 adapters=460
 compilation: enabled
              stopped_count=0, restarted_count=0
 full_count=0

Compilation events (20 events):
Event: 4.523 Thread 0x0000005d59895e90 nmethod 2465 0x0000005d42a93610 code [0x0000005d42a937a0, 0x0000005d42a938b8]
Event: 4.523 Thread 0x0000005d59895e90 2466       3       jdk.internal.org.objectweb.asm.MethodWriter::computeMethodInfoSize (571 bytes)
Event: 4.524 Thread 0x0000005d59895e90 nmethod 2466 0x0000005d42a93990 code [0x0000005d42a93cc0, 0x0000005d42a94c08]
Event: 4.524 Thread 0x0000005d59895e90 2467       3       jdk.internal.org.objectweb.asm.MethodWriter::hasFrames (13 bytes)
Event: 4.524 Thread 0x0000005d59895e90 nmethod 2467 0x0000005d42a95290 code [0x0000005d42a95420, 0x0000005d42a95598]
Event: 4.525 Thread 0x0000005d59895e90 2470       3       java.util.zip.ZipFile$ZipEntryIterator::hasMoreElements (5 bytes)
Event: 4.525 Thread 0x0000005d59895e90 nmethod 2470 0x0000005d42a95610 code [0x0000005d42a957a0, 0x0000005d42a95978]
Event: 4.525 Thread 0x0000005d59895e90 2471       3       java.util.zip.ZipFile$ZipEntryIterator::nextElement (5 bytes)
Event: 4.525 Thread 0x0000005d59895e90 nmethod 2471 0x0000005d42a95a10 code [0x0000005d42a95bc0, 0x0000005d42a95d88]
Event: 4.525 Thread 0x0000005d59895e90 2472       3       java.util.zip.ZipFile$ZipEntryIterator::nextElement (5 bytes)
Event: 4.525 Thread 0x0000005d59895e90 nmethod 2472 0x0000005d42a95e90 code [0x0000005d42a96040, 0x0000005d42a96188]
Event: 4.526 Thread 0x0000005d59895e90 2473       1       java.lang.reflect.Field::getName (5 bytes)
Event: 4.526 Thread 0x0000005d59895e90 nmethod 2473 0x0000005d49c26790 code [0x0000005d49c26920, 0x0000005d49c269f8]
Event: 4.529 Thread 0x0000005d59895e90 2475       3       java.lang.invoke.DirectMethodHandle::preparedLambdaForm (6 bytes)
Event: 4.529 Thread 0x0000005d59895e90 nmethod 2475 0x0000005d42a96210 code [0x0000005d42a963a0, 0x0000005d42a964c8]
Event: 4.529 Thread 0x0000005d59895e90 2476       3       jdk.internal.reflect.ClassFileAssembler::setStack (25 bytes)
Event: 4.529 Thread 0x0000005d59895e90 nmethod 2476 0x0000005d42a96590 code [0x0000005d42a96720, 0x0000005d42a96878]
Event: 4.543 Thread 0x0000005d5d799550 nmethod 2448 0x0000005d49c26a90 code [0x0000005d49c26da0, 0x0000005d49c29b78]
Event: 4.543 Thread 0x0000005d5d799550 2474       4       java.lang.String::getBytes (44 bytes)
Event: 4.544 Thread 0x0000005d5d799550 nmethod 2474 0x0000005d49c2bb10 code [0x0000005d49c2bc80, 0x0000005d49c2bdb8]

GC Heap History (6 events):
Event: 0.714 GC heap before
{Heap before GC invocations=0 (full 0):
 garbage-first heap   total 131072K, used 22528K [0x0000000080c00000, 0x0000000100000000)
  region size 1024K, 23 young (23552K), 0 survivors (0K)
 Metaspace       used 13013K, committed 13184K, reserved 1064960K
  class space    used 1209K, committed 1280K, reserved 1048576K
}
Event: 0.721 GC heap after
{Heap after GC invocations=1 (full 0):
 garbage-first heap   total 131072K, used 7140K [0x0000000080c00000, 0x0000000100000000)
  region size 1024K, 3 young (3072K), 3 survivors (3072K)
 Metaspace       used 13013K, committed 13184K, reserved 1064960K
  class space    used 1209K, committed 1280K, reserved 1048576K
}
Event: 2.765 GC heap before
{Heap before GC invocations=1 (full 0):
 garbage-first heap   total 131072K, used 27620K [0x0000000080c00000, 0x0000000100000000)
  region size 1024K, 24 young (24576K), 3 survivors (3072K)
 Metaspace       used 20743K, committed 20864K, reserved 1073152K
  class space    used 2104K, committed 2176K, reserved 1048576K
}
Event: 2.774 GC heap after
{Heap after GC invocations=2 (full 0):
 garbage-first heap   total 131072K, used 10750K [0x0000000080c00000, 0x0000000100000000)
  region size 1024K, 3 young (3072K), 3 survivors (3072K)
 Metaspace       used 20743K, committed 20864K, reserved 1073152K
  class space    used 2104K, committed 2176K, reserved 1048576K
}
Event: 2.803 GC heap before
{Heap before GC invocations=2 (full 0):
 garbage-first heap   total 131072K, used 10750K [0x0000000080c00000, 0x0000000100000000)
  region size 1024K, 4 young (4096K), 3 survivors (3072K)
 Metaspace       used 21323K, committed 21504K, reserved 1073152K
  class space    used 2162K, committed 2240K, reserved 1048576K
}
Event: 2.806 GC heap after
{Heap after GC invocations=3 (full 0):
 garbage-first heap   total 131072K, used 11124K [0x0000000080c00000, 0x0000000100000000)
  region size 1024K, 4 young (4096K), 4 survivors (4096K)
 Metaspace       used 21323K, committed 21504K, reserved 1073152K
  class space    used 2162K, committed 2240K, reserved 1048576K
}

Dll operation events (9 events):
Event: 0.004 Loaded shared library C:\Program Files (x86)\plugins\org.eclipse.justj.openjdk.hotspot.jre.full.win32.x86_64_17.0.5.v20221102-0933\jre\bin\java.dll
Event: 0.112 Loaded shared library C:\Program Files (x86)\plugins\org.eclipse.justj.openjdk.hotspot.jre.full.win32.x86_64_17.0.5.v20221102-0933\jre\bin\net.dll
Event: 0.120 Loaded shared library C:\Program Files (x86)\plugins\org.eclipse.justj.openjdk.hotspot.jre.full.win32.x86_64_17.0.5.v20221102-0933\jre\bin\nio.dll
Event: 0.126 Loaded shared library C:\Program Files (x86)\plugins\org.eclipse.justj.openjdk.hotspot.jre.full.win32.x86_64_17.0.5.v20221102-0933\jre\bin\zip.dll
Event: 0.315 Loaded shared library C:\Program Files (x86)\plugins\org.eclipse.justj.openjdk.hotspot.jre.full.win32.x86_64_17.0.5.v20221102-0933\jre\bin\jimage.dll
Event: 0.400 Loaded shared library C:\Program Files (x86)\plugins\org.eclipse.justj.openjdk.hotspot.jre.full.win32.x86_64_17.0.5.v20221102-0933\jre\bin\verify.dll
Event: 1.083 Loaded shared library C:\Program Files (x86)\plugins\org.eclipse.justj.openjdk.hotspot.jre.full.win32.x86_64_17.0.5.v20221102-0933\jre\bin\sunmscapi.dll
Event: 4.463 Loaded shared library C:\Program Files (x86)\plugins\org.eclipse.justj.openjdk.hotspot.jre.full.win32.x86_64_17.0.5.v20221102-0933\jre\bin\management.dll
Event: 4.465 Loaded shared library C:\Program Files (x86)\plugins\org.eclipse.justj.openjdk.hotspot.jre.full.win32.x86_64_17.0.5.v20221102-0933\jre\bin\management_ext.dll

Deoptimization events (20 events):
Event: 4.359 Thread 0x0000005d3e9a6fa0 Uncommon trap: trap_request=0xffffff45 fr.pc=0x0000005d49bb5c30 relative=0x0000000000000bb0
Event: 4.359 Thread 0x0000005d3e9a6fa0 Uncommon trap: reason=unstable_if action=reinterpret pc=0x0000005d49bb5c30 method=java.util.Properties$LineReader.readLine()I @ 256 c2
Event: 4.359 Thread 0x0000005d3e9a6fa0 DEOPT PACKING pc=0x0000005d49bb5c30 sp=0x0000005d3e12d060
Event: 4.359 Thread 0x0000005d3e9a6fa0 DEOPT UNPACKING pc=0x0000005d420723a3 sp=0x0000005d3e12cfc0 mode 2
Event: 4.383 Thread 0x0000005d3e9a6fa0 DEOPT PACKING pc=0x0000005d42751575 sp=0x0000005d3e1299e0
Event: 4.383 Thread 0x0000005d3e9a6fa0 DEOPT UNPACKING pc=0x0000005d42072b43 sp=0x0000005d3e128e68 mode 0
Event: 4.401 Thread 0x0000005d3e9a6fa0 Uncommon trap: trap_request=0xffffff45 fr.pc=0x0000005d49b1a71c relative=0x000000000000015c
Event: 4.401 Thread 0x0000005d3e9a6fa0 Uncommon trap: reason=unstable_if action=reinterpret pc=0x0000005d49b1a71c method=java.lang.invoke.VarHandle.checkExactAccessMode(Ljava/lang/invoke/VarHandle$AccessDescriptor;)V @ 4 c2
Event: 4.401 Thread 0x0000005d3e9a6fa0 DEOPT PACKING pc=0x0000005d49b1a71c sp=0x0000005d3e12c7c0
Event: 4.401 Thread 0x0000005d3e9a6fa0 DEOPT UNPACKING pc=0x0000005d420723a3 sp=0x0000005d3e12c700 mode 2
Event: 4.425 Thread 0x0000005d3e9a6fa0 Uncommon trap: trap_request=0xffffff45 fr.pc=0x0000005d49b91a20 relative=0x0000000000000360
Event: 4.425 Thread 0x0000005d3e9a6fa0 Uncommon trap: reason=unstable_if action=reinterpret pc=0x0000005d49b91a20 method=java.lang.Integer.parseInt(Ljava/lang/String;I)I @ 119 c2
Event: 4.425 Thread 0x0000005d3e9a6fa0 DEOPT PACKING pc=0x0000005d49b91a20 sp=0x0000005d3e12d370
Event: 4.425 Thread 0x0000005d3e9a6fa0 DEOPT UNPACKING pc=0x0000005d420723a3 sp=0x0000005d3e12d2d8 mode 2
Event: 4.426 Thread 0x0000005d3e9a6fa0 Uncommon trap: trap_request=0xffffff54 fr.pc=0x0000005d49b86d74 relative=0x0000000000001454
Event: 4.426 Thread 0x0000005d3e9a6fa0 Uncommon trap: reason=speculate_null_assert action=make_not_entrant pc=0x0000005d49b86d74 method=jdk.internal.loader.URLClassPath$JarLoader.getResource(Ljava/lang/String;ZLjava/util/Set;)Ljdk/internal/loader/Resource; @ 17 c2
Event: 4.426 Thread 0x0000005d3e9a6fa0 DEOPT PACKING pc=0x0000005d49b86d74 sp=0x0000005d3e1258c0
Event: 4.426 Thread 0x0000005d3e9a6fa0 DEOPT UNPACKING pc=0x0000005d420723a3 sp=0x0000005d3e125858 mode 2
Event: 4.451 Thread 0x0000005d3e9a6fa0 DEOPT PACKING pc=0x0000005d42751575 sp=0x0000005d3e11a0e0
Event: 4.452 Thread 0x0000005d3e9a6fa0 DEOPT UNPACKING pc=0x0000005d42072b43 sp=0x0000005d3e119568 mode 0

Classes unloaded (0 events):
No events

Classes redefined (0 events):
No events

Internal exceptions (20 events):
Event: 0.751 Thread 0x0000005d3e9a6fa0 Exception <a 'java/lang/NoSuchMethodError'{0x0000000088911a58}: 'void java.lang.invoke.DirectMethodHandle$Holder.invokeStaticInit(java.lang.Object, java.lang.Object)'> (0x0000000088911a58) 
thrown [s\src\hotspot\share\interpreter\linkResolver.cpp, line 759]
Event: 0.752 Thread 0x0000005d3e9a6fa0 Exception <a 'java/lang/NoSuchMethodError'{0x00000000889180b8}: 'int java.lang.invoke.DirectMethodHandle$Holder.invokeStaticInit(java.lang.Object, java.lang.Object)'> (0x00000000889180b8) 
thrown [s\src\hotspot\share\interpreter\linkResolver.cpp, line 759]
Event: 0.779 Thread 0x0000005d3e9a6fa0 Exception <a 'java/lang/NoSuchMethodError'{0x00000000889ec5f8}: 'java.lang.Object java.lang.invoke.DirectMethodHandle$Holder.invokeStaticInit(java.lang.Object, int, int, int, int)'> (0x00000000889ec5f8) 
thrown [s\src\hotspot\share\interpreter\linkResolver.cpp, line 759]
Event: 0.803 Thread 0x0000005d3e9a6fa0 Exception <a 'java/lang/NoSuchMethodError'{0x00000000888cc210}: 'java.lang.Object java.lang.invoke.DirectMethodHandle$Holder.invokeStaticInit(java.lang.Object, java.lang.Object, int, int, int, int)'> (0x00000000888cc210) 
thrown [s\src\hotspot\share\interpreter\linkResolver.cpp, line 759]
Event: 0.888 Thread 0x0000005d3e9a6fa0 Exception <a 'java/lang/NoSuchMethodError'{0x0000000088260710}: 'java.lang.Object java.lang.invoke.DirectMethodHandle$Holder.invokeVirtual(java.lang.Object, java.lang.Object, java.lang.Object)'> (0x0000000088260710) 
thrown [s\src\hotspot\share\interpreter\linkResolver.cpp, line 759]
Event: 0.901 Thread 0x0000005d3e9a6fa0 Exception <a 'java/lang/NoSuchMethodError'{0x000000008813f220}: 'int java.lang.invoke.DirectMethodHandle$Holder.invokeStatic(java.lang.Object, java.lang.Object, int)'> (0x000000008813f220) 
thrown [s\src\hotspot\share\interpreter\linkResolver.cpp, line 759]
Event: 0.933 Thread 0x0000005d3e9a6fa0 Exception <a 'java/lang/NoSuchMethodError'{0x0000000087f2c638}: 'java.lang.Object java.lang.invoke.DirectMethodHandle$Holder.invokeVirtual(java.lang.Object, java.lang.Object, java.lang.Object, java.lang.Object)'> (0x0000000087f2c638) 
thrown [s\src\hotspot\share\interpreter\linkResolver.cpp, line 759]
Event: 0.946 Thread 0x0000005d3e9a6fa0 Implicit null exception at 0x0000005d49b66dde to 0x0000005d49b67674
Event: 0.947 Thread 0x0000005d3e9a6fa0 Implicit null exception at 0x0000005d49b2e80f to 0x0000005d49b2e885
Event: 1.346 Thread 0x0000005d3e9a6fa0 Exception <a 'java/lang/NoSuchMethodError'{0x0000000087acae48}: 'void java.lang.invoke.DirectMethodHandle$Holder.invokeInterface(java.lang.Object, java.lang.Object, java.lang.Object)'> (0x0000000087acae48) 
thrown [s\src\hotspot\share\interpreter\linkResolver.cpp, line 759]
Event: 1.381 Thread 0x0000005d3e9a6fa0 Exception <a 'java/lang/NoSuchMethodError'{0x0000000087ad8358}: 'void java.lang.invoke.DirectMethodHandle$Holder.invokeStatic(java.lang.Object, long)'> (0x0000000087ad8358) 
thrown [s\src\hotspot\share\interpreter\linkResolver.cpp, line 759]
Event: 1.382 Thread 0x0000005d3e9a6fa0 Exception <a 'java/lang/NoSuchMethodError'{0x0000000087addcb0}: 'java.lang.Object java.lang.invoke.DirectMethodHandle$Holder.newInvokeSpecial(java.lang.Object, long)'> (0x0000000087addcb0) 
thrown [s\src\hotspot\share\interpreter\linkResolver.cpp, line 759]
Event: 1.386 Thread 0x0000005d3e9a6fa0 Exception <a 'java/lang/NoSuchMethodError'{0x0000000087ae8b80}: 'java.lang.Object java.lang.invoke.DirectMethodHandle$Holder.invokeStaticInit(java.lang.Object, java.lang.Object, long, java.lang.Object)'> (0x0000000087ae8b80) 
thrown [s\src\hotspot\share\interpreter\linkResolver.cpp, line 759]
Event: 1.387 Thread 0x0000005d3e9a6fa0 Exception <a 'java/lang/NoSuchMethodError'{0x0000000087aef4b0}: 'java.lang.Object java.lang.invoke.DirectMethodHandle$Holder.newInvokeSpecial(java.lang.Object, java.lang.Object, long)'> (0x0000000087aef4b0) 
thrown [s\src\hotspot\share\interpreter\linkResolver.cpp, line 759]
Event: 1.387 Thread 0x0000005d3e9a6fa0 Exception <a 'java/lang/NoSuchMethodError'{0x0000000087af3c90}: 'java.lang.Object java.lang.invoke.Invokers$Holder.linkToTargetMethod(java.lang.Object, long, java.lang.Object)'> (0x0000000087af3c90) 
thrown [s\src\hotspot\share\interpreter\linkResolver.cpp, line 759]
Event: 4.378 Thread 0x0000005d3e9a6fa0 Exception <a 'java/net/SocketException'{0x0000000082a6f0a8}: Socket is not connected: shutdown> (0x0000000082a6f0a8) 
thrown [s\src\hotspot\share\prims\jni.cpp, line 535]
Event: 4.378 Thread 0x0000005d3e9a6fa0 Exception <a 'java/net/SocketException'{0x0000000082a6f9c8}: Socket is not connected: shutdown> (0x0000000082a6f9c8) 
thrown [s\src\hotspot\share\prims\jni.cpp, line 535]
Event: 4.436 Thread 0x0000005d3e9a6fa0 Exception <a 'java/lang/NoClassDefFoundError'{0x000000008268b6e0}> (0x000000008268b6e0) 
thrown [s\src\hotspot\share\oops\instanceKlass.cpp, line 1166]
Event: 4.437 Thread 0x0000005d3e9a6fa0 Exception <a 'java/lang/NoClassDefFoundError'{0x0000000082698718}: org/apache/logging/log4j/spi/ExtendedLoggerWrapper> (0x0000000082698718) 
thrown [s\src\hotspot\share\classfile\systemDictionary.cpp, line 245]
Event: 4.438 Thread 0x0000005d3e9a6fa0 Exception <a 'java/lang/NoClassDefFoundError'{0x00000000826a5ac0}: org/apache/log4j/Priority> (0x00000000826a5ac0) 
thrown [s\src\hotspot\share\classfile\systemDictionary.cpp, line 245]

VM Operations (20 events):
Event: 2.264 Executing VM operation: Cleanup
Event: 2.264 Executing VM operation: Cleanup done
Event: 2.765 Executing VM operation: G1CollectForAllocation
Event: 2.774 Executing VM operation: G1CollectForAllocation done
Event: 2.802 Executing VM operation: CollectForMetadataAllocation
Event: 2.806 Executing VM operation: CollectForMetadataAllocation done
Event: 2.812 Executing VM operation: G1Concurrent
Event: 2.813 Executing VM operation: G1Concurrent done
Event: 2.816 Executing VM operation: G1Concurrent
Event: 2.817 Executing VM operation: G1Concurrent done
Event: 2.955 Executing VM operation: HandshakeAllThreads
Event: 2.955 Executing VM operation: HandshakeAllThreads done
Event: 2.955 Executing VM operation: HandshakeAllThreads
Event: 2.955 Executing VM operation: HandshakeAllThreads done
Event: 3.954 Executing VM operation: Cleanup
Event: 3.954 Executing VM operation: Cleanup done
Event: 4.498 Executing VM operation: HandshakeAllThreads
Event: 4.498 Executing VM operation: HandshakeAllThreads done
Event: 4.501 Executing VM operation: HandshakeAllThreads
Event: 4.501 Executing VM operation: HandshakeAllThreads done

Events (20 events):
Event: 4.531 loading class java/nio/channels/SocketChannel
Event: 4.531 loading class java/nio/channels/SocketChannel done
Event: 4.531 loading class sun/nio/ch/SocketChannelImpl
Event: 4.531 loading class sun/nio/ch/SocketChannelImpl done
Event: 4.531 loading class java/nio/channels/spi/AbstractInterruptibleChannel$1
Event: 4.531 loading class sun/nio/ch/Interruptible
Event: 4.531 loading class sun/nio/ch/Interruptible done
Event: 4.531 loading class java/nio/channels/spi/AbstractInterruptibleChannel$1 done
Event: 4.532 loading class java/nio/BufferMismatch
Event: 4.532 loading class java/nio/BufferMismatch done
Event: 4.532 loading class sun/nio/ch/SourceChannelImpl
Event: 4.532 loading class java/nio/channels/Pipe$SourceChannel
Event: 4.532 loading class java/nio/channels/Pipe$SourceChannel done
Event: 4.532 loading class sun/nio/ch/SourceChannelImpl done
Event: 4.532 loading class sun/nio/ch/SinkChannelImpl
Event: 4.532 loading class java/nio/channels/Pipe$SinkChannel
Event: 4.532 loading class java/nio/channels/Pipe$SinkChannel done
Event: 4.532 loading class sun/nio/ch/SinkChannelImpl done
Event: 4.533 loading class sun/nio/ch/SocketChannelImpl$DefaultOptionsHolder
Event: 4.533 loading class sun/nio/ch/SocketChannelImpl$DefaultOptionsHolder done


Dynamic libraries:
0x00007ff6ac740000 - 0x00007ff6ac74e000 	C:\Program Files (x86)\plugins\org.eclipse.justj.openjdk.hotspot.jre.full.win32.x86_64_17.0.5.v20221102-0933\jre\bin\javaw.exe
0x00007ffa1bc00000 - 0x00007ffa1bdad000 	C:\Windows\SYSTEM32\ntdll.dll
0x00007ffa1b3c0000 - 0x00007ffa1b4ff000 	C:\Windows\system32\KERNEL32.DLL
0x00007ffa19160000 - 0x00007ffa19274000 	C:\Windows\system32\KERNELBASE.dll
0x00007ff9f0020000 - 0x00007ff9f0037000 	C:\Program Files (x86)\plugins\org.eclipse.justj.openjdk.hotspot.jre.full.win32.x86_64_17.0.5.v20221102-0933\jre\bin\jli.dll
0x00007ff9f0000000 - 0x00007ff9f0019000 	C:\Program Files (x86)\plugins\org.eclipse.justj.openjdk.hotspot.jre.full.win32.x86_64_17.0.5.v20221102-0933\jre\bin\VCRUNTIME140.dll
0x00007ff9f0340000 - 0x00007ff9f0344000 	C:\Program Files (x86)\plugins\org.eclipse.justj.openjdk.hotspot.jre.full.win32.x86_64_17.0.5.v20221102-0933\jre\bin\api-ms-win-crt-stdio-l1-1-0.dll
0x00007ff9efff0000 - 0x00007ff9efff4000 	C:\Program Files (x86)\plugins\org.eclipse.justj.openjdk.hotspot.jre.full.win32.x86_64_17.0.5.v20221102-0933\jre\bin\api-ms-win-crt-runtime-l1-1-0.dll
0x00007ff9ef9c0000 - 0x00007ff9ef9c3000 	C:\Program Files (x86)\plugins\org.eclipse.justj.openjdk.hotspot.jre.full.win32.x86_64_17.0.5.v20221102-0933\jre\bin\api-ms-win-crt-environment-l1-1-0.dll
0x00007ff9ef590000 - 0x00007ff9ef595000 	C:\Program Files (x86)\plugins\org.eclipse.justj.openjdk.hotspot.jre.full.win32.x86_64_17.0.5.v20221102-0933\jre\bin\api-ms-win-crt-math-l1-1-0.dll
0x00007ff9ef580000 - 0x00007ff9ef583000 	C:\Program Files (x86)\plugins\org.eclipse.justj.openjdk.hotspot.jre.full.win32.x86_64_17.0.5.v20221102-0933\jre\bin\api-ms-win-crt-locale-l1-1-0.dll
0x00007ff9ef570000 - 0x00007ff9ef573000 	C:\Program Files (x86)\plugins\org.eclipse.justj.openjdk.hotspot.jre.full.win32.x86_64_17.0.5.v20221102-0933\jre\bin\api-ms-win-crt-heap-l1-1-0.dll
0x00007ffa15370000 - 0x00007ffa155eb000 	C:\Windows\WinSxS\amd64_microsoft.windows.common-controls_6595b64144ccf1df_6.0.9600.19394_none_62486577ecb635cf\COMCTL32.dll
0x00007ffa1b500000 - 0x00007ffa1b677000 	C:\Windows\system32\USER32.dll
0x00007ff9ef560000 - 0x00007ff9ef563000 	C:\Program Files (x86)\plugins\org.eclipse.justj.openjdk.hotspot.jre.full.win32.x86_64_17.0.5.v20221102-0933\jre\bin\api-ms-win-crt-filesystem-l1-1-0.dll
0x00007ff9ef550000 - 0x00007ff9ef554000 	C:\Program Files (x86)\plugins\org.eclipse.justj.openjdk.hotspot.jre.full.win32.x86_64_17.0.5.v20221102-0933\jre\bin\api-ms-win-crt-string-l1-1-0.dll
0x00007ff9ef540000 - 0x00007ff9ef544000 	C:\Program Files (x86)\plugins\org.eclipse.justj.openjdk.hotspot.jre.full.win32.x86_64_17.0.5.v20221102-0933\jre\bin\api-ms-win-crt-convert-l1-1-0.dll
0x00007ffa19560000 - 0x00007ffa1960a000 	C:\Windows\system32\msvcrt.dll
0x00007ffa1ba90000 - 0x00007ffa1bbdf000 	C:\Windows\system32\GDI32.dll
0x00007ff9eb7f0000 - 0x00007ff9eb8ea000 	C:\Program Files (x86)\plugins\org.eclipse.justj.openjdk.hotspot.jre.full.win32.x86_64_17.0.5.v20221102-0933\jre\bin\ucrtbase.DLL
0x00007ffa19610000 - 0x00007ffa19646000 	C:\Windows\system32\IMM32.DLL
0x00007ffa1b920000 - 0x00007ffa1ba71000 	C:\Windows\system32\MSCTF.dll
0x00007ff9ef530000 - 0x00007ff9ef53c000 	C:\Program Files (x86)\plugins\org.eclipse.justj.openjdk.hotspot.jre.full.win32.x86_64_17.0.5.v20221102-0933\jre\bin\vcruntime140_1.dll
0x00007ff9ebf90000 - 0x00007ff9ec021000 	C:\Program Files (x86)\plugins\org.eclipse.justj.openjdk.hotspot.jre.full.win32.x86_64_17.0.5.v20221102-0933\jre\bin\msvcp140.dll
0x00007ff9ef520000 - 0x00007ff9ef523000 	C:\Program Files (x86)\plugins\org.eclipse.justj.openjdk.hotspot.jre.full.win32.x86_64_17.0.5.v20221102-0933\jre\bin\api-ms-win-crt-time-l1-1-0.dll
0x00007ff9ef510000 - 0x00007ff9ef513000 	C:\Program Files (x86)\plugins\org.eclipse.justj.openjdk.hotspot.jre.full.win32.x86_64_17.0.5.v20221102-0933\jre\bin\api-ms-win-crt-utility-l1-1-0.dll
0x00007ff9e9f10000 - 0x00007ff9eab54000 	C:\Program Files (x86)\plugins\org.eclipse.justj.openjdk.hotspot.jre.full.win32.x86_64_17.0.5.v20221102-0933\jre\bin\server\jvm.dll
0x00007ffa197a0000 - 0x00007ffa1984d000 	C:\Windows\system32\ADVAPI32.dll
0x00007ff9ff770000 - 0x00007ff9ff779000 	C:\Windows\SYSTEM32\WSOCK32.dll
0x00007ffa16740000 - 0x00007ffa16762000 	C:\Windows\SYSTEM32\WINMM.dll
0x00007ffa17b60000 - 0x00007ffa17b6a000 	C:\Windows\SYSTEM32\VERSION.dll
0x00007ffa19850000 - 0x00007ffa198ab000 	C:\Windows\SYSTEM32\sechost.dll
0x00007ffa19ce0000 - 0x00007ffa19e15000 	C:\Windows\system32\RPCRT4.dll
0x00007ffa1b350000 - 0x00007ffa1b3aa000 	C:\Windows\system32\WS2_32.dll
0x00007ffa16710000 - 0x00007ffa1673a000 	C:\Windows\SYSTEM32\WINMMBASE.dll
0x00007ffa18d70000 - 0x00007ffa18d9e000 	C:\Windows\system32\SspiCli.dll
0x00007ffa1b3b0000 - 0x00007ffa1b3b9000 	C:\Windows\system32\NSI.dll
0x00007ffa19110000 - 0x00007ffa1915f000 	C:\Windows\SYSTEM32\cfgmgr32.dll
0x00007ffa178e0000 - 0x00007ffa17908000 	C:\Windows\SYSTEM32\DEVOBJ.dll
0x00007ffa10980000 - 0x00007ffa1098a000 	C:\Program Files (x86)\plugins\org.eclipse.justj.openjdk.hotspot.jre.full.win32.x86_64_17.0.5.v20221102-0933\jre\bin\jimage.dll
0x00007ffa0ec40000 - 0x00007ffa0edca000 	C:\Windows\SYSTEM32\DBGHELP.DLL
0x00007ff9f5150000 - 0x00007ff9f5175000 	C:\Program Files (x86)\plugins\org.eclipse.justj.openjdk.hotspot.jre.full.win32.x86_64_17.0.5.v20221102-0933\jre\bin\java.dll
0x00007ff9f3610000 - 0x00007ff9f3628000 	C:\Program Files (x86)\plugins\org.eclipse.justj.openjdk.hotspot.jre.full.win32.x86_64_17.0.5.v20221102-0933\jre\bin\zip.dll
0x00007ffa19e20000 - 0x00007ffa1b34f000 	C:\Windows\system32\SHELL32.dll
0x00007ffa198b0000 - 0x00007ffa19ac2000 	C:\Windows\SYSTEM32\combase.dll
0x00007ffa19500000 - 0x00007ffa19554000 	C:\Windows\system32\SHLWAPI.dll
0x00007ffa17040000 - 0x00007ffa170f2000 	C:\Windows\SYSTEM32\SHCORE.dll
0x00007ffa18ca0000 - 0x00007ffa18cb5000 	C:\Windows\SYSTEM32\profapi.dll
0x00007ff9f35f0000 - 0x00007ff9f3609000 	C:\Program Files (x86)\plugins\org.eclipse.justj.openjdk.hotspot.jre.full.win32.x86_64_17.0.5.v20221102-0933\jre\bin\net.dll
0x00007ffa0e3e0000 - 0x00007ffa0e4a9000 	C:\Windows\SYSTEM32\WINHTTP.dll
0x0000000180000000 - 0x000000018006e000 	C:\Windows\system32\LavasoftTcpService64.dll
0x00007ffa184e0000 - 0x00007ffa18539000 	C:\Windows\SYSTEM32\MSWSOCK.dll
0x00007ffa17b70000 - 0x00007ffa17b9a000 	C:\Windows\SYSTEM32\IPHLPAPI.DLL
0x00007ffa19ad0000 - 0x00007ffa19c65000 	C:\Windows\system32\ole32.dll
0x00007ffa196d0000 - 0x00007ffa19796000 	C:\Windows\system32\OLEAUT32.dll
0x00007ffa17b50000 - 0x00007ffa17b5a000 	C:\Windows\SYSTEM32\WINNSI.DLL
0x00007ff9f35d0000 - 0x00007ff9f35e5000 	C:\Program Files (x86)\plugins\org.eclipse.justj.openjdk.hotspot.jre.full.win32.x86_64_17.0.5.v20221102-0933\jre\bin\nio.dll
0x00007ffa17910000 - 0x00007ffa1791b000 	C:\Windows\SYSTEM32\kernel.appcore.dll
0x00007ffa18c10000 - 0x00007ffa18c1b000 	C:\Windows\SYSTEM32\CRYPTBASE.dll
0x00007ffa18aa0000 - 0x00007ffa18b03000 	C:\Windows\SYSTEM32\bcryptPrimitives.dll
0x00007ffa17740000 - 0x00007ffa17869000 	C:\Windows\system32\uxtheme.dll
0x00007ffa11ea0000 - 0x00007ffa11eb6000 	C:\Windows\SYSTEM32\dhcpcsvc6.DLL
0x00007ffa11e80000 - 0x00007ffa11e9a000 	C:\Windows\SYSTEM32\dhcpcsvc.DLL
0x00007ff9f35c0000 - 0x00007ff9f35d0000 	C:\Program Files (x86)\plugins\org.eclipse.justj.openjdk.hotspot.jre.full.win32.x86_64_17.0.5.v20221102-0933\jre\bin\verify.dll
0x00007ffa18540000 - 0x00007ffa18560000 	C:\Windows\SYSTEM32\CRYPTSP.dll
0x00007ffa18160000 - 0x00007ffa18196000 	C:\Windows\system32\rsaenh.dll
0x00007ffa18780000 - 0x00007ffa187a6000 	C:\Windows\SYSTEM32\bcrypt.dll
0x00007ffa18270000 - 0x00007ffa18291000 	C:\Windows\SYSTEM32\USERENV.dll
0x00007ffa182e0000 - 0x00007ffa18384000 	C:\Windows\SYSTEM32\DNSAPI.dll
0x00007ffa006e0000 - 0x00007ffa006ea000 	C:\Windows\System32\rasadhlp.dll
0x00007ffa121b0000 - 0x00007ffa1221b000 	C:\Windows\System32\fwpuclnt.dll
0x00007ff9f1d60000 - 0x00007ff9f1d6e000 	C:\Program Files (x86)\plugins\org.eclipse.justj.openjdk.hotspot.jre.full.win32.x86_64_17.0.5.v20221102-0933\jre\bin\sunmscapi.dll
0x00007ffa18e50000 - 0x00007ffa190a7000 	C:\Windows\system32\CRYPT32.dll
0x00007ffa18750000 - 0x00007ffa18775000 	C:\Windows\SYSTEM32\ncrypt.dll
0x00007ffa18d50000 - 0x00007ffa18d61000 	C:\Windows\system32\MSASN1.dll
0x00007ffa18710000 - 0x00007ffa18747000 	C:\Windows\SYSTEM32\NTASN1.dll
0x00007ff9f1d10000 - 0x00007ff9f1d19000 	C:\Program Files (x86)\plugins\org.eclipse.justj.openjdk.hotspot.jre.full.win32.x86_64_17.0.5.v20221102-0933\jre\bin\management.dll
0x00007ff9f1d00000 - 0x00007ff9f1d0b000 	C:\Program Files (x86)\plugins\org.eclipse.justj.openjdk.hotspot.jre.full.win32.x86_64_17.0.5.v20221102-0933\jre\bin\management_ext.dll
0x00007ffa1ba80000 - 0x00007ffa1ba87000 	C:\Windows\system32\PSAPI.DLL

dbghelp: loaded successfully - version: 4.0.5 - missing functions: none
symbol engine: initialized successfully - sym options: 0x614 - pdb path: .;C:\Program Files (x86)\plugins\org.eclipse.justj.openjdk.hotspot.jre.full.win32.x86_64_17.0.5.v20221102-0933\jre\bin;C:\Windows\SYSTEM32;C:\Windows\WinSxS\amd64_microsoft.windows.common-controls_6595b64144ccf1df_6.0.9600.19394_none_62486577ecb635cf;C:\Program Files (x86)\plugins\org.eclipse.justj.openjdk.hotspot.jre.full.win32.x86_64_17.0.5.v20221102-0933\jre\bin\server

VM Arguments:
jvm_args: -ea -Dfile.encoding=windows-1252 -XX:+ShowCodeDetailsInExceptionMessages 
java_command: org.eclipse.jdt.internal.junit.runner.RemoteTestRunner -version 3 -port 50286 -testLoaderClass org.eclipse.jdt.internal.junit4.runner.JUnit4TestLoader -loaderpluginname org.eclipse.jdt.junit4.runtime -classNames TestCases.RealizarCompraComSucessoTest
java_class_path (initial): C:\Users\Morgana\Desktop\BANRISUL\Treinamento\Automacao\Automacao\demo\target\test-classes;C:\Users\Morgana\Desktop\BANRISUL\Treinamento\Automacao\Automacao\demo\target\classes;C:\Program Files (x86)\plugins\junit-jupiter-api_5.9.1.jar;C:\Program Files (x86)\plugins\junit-jupiter-engine_5.9.1.jar;C:\Program Files (x86)\plugins\junit-jupiter-migrationsupport_5.9.1.jar;C:\Program Files (x86)\plugins\junit-jupiter-params_5.9.1.jar;C:\Program Files (x86)\plugins\junit-platform-commons_1.9.1.jar;C:\Program Files (x86)\plugins\junit-platform-engine_1.9.1.jar;C:\Program Files (x86)\plugins\junit-platform-launcher_1.9.1.jar;C:\Program Files (x86)\plugins\junit-platform-runner_1.9.1.jar;C:\Program Files (x86)\plugins\junit-platform-suite-api_1.9.1.jar;C:\Program Files (x86)\plugins\junit-platform-suite-engine_1.9.1.jar;C:\Program Files (x86)\plugins\junit-platform-suite-commons_1.9.1.jar;C:\Program Files (x86)\plugins\junit-vintage-engine_5.9.1.jar;C:\Program Files (x86)\plugins\org.opentest4j_1.2.0.jar;C:\Program Files (x86)\plugins\org.apiguardian.api_1.1.2.jar;C:\Program Files (x86)\plugins\org.junit_4.13.2.v20211018-1956.jar;C:\Program Files (x86)\plugins\org.hamcrest.core_1.3.0.v20180420-1519.jar;C:\Users\Morgana\.m2\repository\org\seleniumhq\selenium\selenium-java\4.8.1\selenium-java-4.8.1.jar;C:\Users\Morgana\.m2\repository\org\seleniumhq\selenium\selenium-api\4.8.1\selenium-api-4.8.1.jar;C:\Users\Morgana\.m2\repository\org\seleniumhq\selenium\selenium-chrome-driver\4.8.1\selenium-chrome-driver-4.8.1.jar;C:\Users\Morgana\.m2\repository\com\google\auto\service\auto-service-annotations\1.0.1\auto-service-annotations-1.0.1.jar;C:\Users\Morgana\.m2\repository\com\google\auto\service\auto-service\1.0.1\auto-service-1.0.1.jar;C:\Users\Morgana\.m2\repository\com\google\auto\auto-common\1.2\auto-common-1.2.jar;C:\Users\Morgana\.m2\repository\com\google\guava\guava\31.1-jre\guava-31.1-jre.jar;C:\Users\Morgana\.m2\repository\com\google\guava\failure
Launcher Type: SUN_STANDARD

[Global flags]
     intx CICompilerCount                          = 4                                         {product} {ergonomic}
     uint ConcGCThreads                            = 2                                         {product} {ergonomic}
     uint G1ConcRefinementThreads                  = 8                                         {product} {ergonomic}
   size_t G1HeapRegionSize                         = 1048576                                   {product} {ergonomic}
    uintx GCDrainStackTargetSize                   = 64                                        {product} {ergonomic}
   size_t InitialHeapSize                          = 134217728                                 {product} {ergonomic}
   size_t MarkStackSize                            = 4194304                                   {product} {ergonomic}
   size_t MaxHeapSize                              = 2134900736                                {product} {ergonomic}
   size_t MaxNewSize                               = 1280311296                                {product} {ergonomic}
   size_t MinHeapDeltaBytes                        = 1048576                                   {product} {ergonomic}
   size_t MinHeapSize                              = 8388608                                   {product} {ergonomic}
    uintx NonNMethodCodeHeapSize                   = 5839372                                {pd product} {ergonomic}
    uintx NonProfiledCodeHeapSize                  = 122909434                              {pd product} {ergonomic}
    uintx ProfiledCodeHeapSize                     = 122909434                              {pd product} {ergonomic}
    uintx ReservedCodeCacheSize                    = 251658240                              {pd product} {ergonomic}
     bool SegmentedCodeCache                       = true                                      {product} {ergonomic}
     bool ShowCodeDetailsInExceptionMessages       = true                                   {manageable} {command line}
   size_t SoftMaxHeapSize                          = 2134900736                             {manageable} {ergonomic}
     bool UseCompressedClassPointers               = true                           {product lp64_product} {ergonomic}
     bool UseCompressedOops                        = true                           {product lp64_product} {ergonomic}
     bool UseG1GC                                  = true                                      {product} {ergonomic}
     bool UseLargePagesIndividualAllocation        = false                                  {pd product} {ergonomic}

Logging:
Log output configuration:
 #0: stdout all=warning uptime,level,tags
 #1: stderr all=off uptime,level,tags

Environment Variables:
PATH=C:/Program Files (x86)//plugins/org.eclipse.justj.openjdk.hotspot.jre.full.win32.x86_64_17.0.5.v20221102-0933/jre/bin/server;C:/Program Files (x86)//plugins/org.eclipse.justj.openjdk.hotspot.jre.full.win32.x86_64_17.0.5.v20221102-0933/jre/bin;c:\Program Files (x86)\Intel\iCLS Client\;c:\Program Files\Intel\iCLS Client\;C:\Windows\system32;C:\Windows;C:\Windows\System32\Wbem;C:\Windows\System32\WindowsPowerShell\v1.0\;C:\Program Files\Intel\Intel(R) Management Engine Components\DAL;C:\Program Files\Intel\Intel(R) Management Engine Components\IPT;C:\Program Files (x86)\Intel\Intel(R) Management Engine Components\DAL;C:\Program Files (x86)\Intel\Intel(R) Management Engine Components\IPT;c:\Program Files (x86)\Microsoft SQL Server\110\Tools\Binn\;c:\Program Files\Microsoft SQL Server\110\Tools\Binn\;c:\Program Files\Microsoft SQL Server\110\DTS\Binn\;C:\Program Files\Common Files\Autodesk Shared\;C:\Program Files (x86);
USERNAME=Morgana
OS=Windows_NT
PROCESSOR_IDENTIFIER=Intel64 Family 6 Model 60 Stepping 3, GenuineIntel
TMP=C:\Users\Morgana\AppData\Local\Temp
TEMP=C:\Users\Morgana\AppData\Local\Temp



---------------  S Y S T E M  ---------------

OS:
 Windows 8.1 , 64 bit Build 9600 (6.3.9600.20778)
OS uptime: 0 days 23:06 hours

CPU: total 8 (initial active 8) (4 cores per cpu, 2 threads per core) family 6 model 60 stepping 3 microcode 0x1c, cx8, cmov, fxsr, ht, mmx, sse, sse2, sse3, ssse3, sse4.1, sse4.2, popcnt, lzcnt, tsc, tscinvbit, avx, avx2, aes, erms, clmul, bmi1, bmi2, fma, vzeroupper, clflush

Memory: 4k page, system-wide physical 8143M (4392M free)
TotalPageFile size 16335M (AvailPageFile size 10388M)
current process WorkingSet (physical memory assigned to process): 130M, peak: 135M
current process commit charge ("private bytes"): 174M, peak: 250M

vm_info: OpenJDK 64-Bit Server VM (17.0.5+8) for windows-amd64 JRE (17.0.5+8), built on Oct 19 2022 04:48:13 by "temurin" with MS VC++ 16.7 (VS2019)

END.
