#
# A fatal error has been detected by the Java Runtime Environment:
#
#  EXCEPTION_ACCESS_VIOLATION (0xc0000005) at pc=0x0000000180008b5a, pid=7840, tid=10168
#
# JRE version: OpenJDK Runtime Environment Temurin-17.0.5+8 (17.0.5+8) (build 17.0.5+8)
# Java VM: OpenJDK 64-Bit Server VM Temurin-17.0.5+8 (17.0.5+8, mixed mode, tiered, compressed oops, compressed class ptrs, g1 gc, windows-amd64)
# Problematic frame:
# C  [LavasoftTcpService64.dll+0x8b5a]
#
# No core dump will be written. Minidumps are not enabled by default on client versions of Windows
#
# If you would like to submit a bug report, please visit:
#   https://github.com/adoptium/adoptium-support/issues
# The crash happened outside the Java Virtual Machine in native code.
# See problematic frame for where to report the bug.
#

---------------  S U M M A R Y ------------

Command Line: -ea -Dfile.encoding=windows-1252 -XX:+ShowCodeDetailsInExceptionMessages org.eclipse.jdt.internal.junit.runner.RemoteTestRunner -version 3 -port 50302 -testLoaderClass org.eclipse.jdt.internal.junit4.runner.JUnit4TestLoader -loaderpluginname org.eclipse.jdt.junit4.runtime -classNames TestCases.RealizarCompraComSucessoTest

Host: Intel(R) Core(TM) i7-4790 CPU @ 3.60GHz, 8 cores, 7G,  Windows 8.1 , 64 bit Build 9600 (6.3.9600.20778)
Time: Fri Mar 24 20:38:10 2023 Hora oficial do Brasil elapsed time: 1.043392 seconds (0d 0h 0m 1s)

---------------  T H R E A D  ---------------

Current thread (0x000000385bcf6fa0):  JavaThread "main" [_thread_in_native, id=10168, stack(0x000000385b380000,0x000000385b480000)]

Stack: [0x000000385b380000,0x000000385b480000],  sp=0x000000385b47c7e8,  free space=1009k
Native frames: (J=compiled Java code, j=interpreted, Vv=VM code, C=native code)
C  [LavasoftTcpService64.dll+0x8b5a]

Java frames: (J=compiled Java code, j=interpreted, Vv=VM code)
j  sun.nio.ch.WEPoll.ctl(JIJI)I+0 java.base@17.0.5
j  sun.nio.ch.WEPollSelectorImpl.<init>(Ljava/nio/channels/spi/SelectorProvider;)V+139 java.base@17.0.5
j  sun.nio.ch.WEPollSelectorProvider.openSelector()Ljava/nio/channels/spi/AbstractSelector;+5 java.base@17.0.5
j  io.netty.channel.nio.NioEventLoop.openSelector()Lio/netty/channel/nio/NioEventLoop$SelectorTuple;+4
j  io.netty.channel.nio.NioEventLoop.<init>(Lio/netty/channel/nio/NioEventLoopGroup;Ljava/util/concurrent/Executor;Ljava/nio/channels/spi/SelectorProvider;Lio/netty/channel/SelectStrategy;Lio/netty/util/concurrent/RejectedExecutionHandler;Lio/netty/channel/EventLoopTaskQueueFactory;Lio/netty/channel/EventLoopTaskQueueFactory;)V+79
j  io.netty.channel.nio.NioEventLoopGroup.newChild(Ljava/util/concurrent/Executor;[Ljava/lang/Object;)Lio/netty/channel/EventLoop;+81
j  io.netty.channel.nio.NioEventLoopGroup.newChild(Ljava/util/concurrent/Executor;[Ljava/lang/Object;)Lio/netty/util/concurrent/EventExecutor;+3
j  io.netty.util.concurrent.MultithreadEventExecutorGroup.<init>(ILjava/util/concurrent/Executor;Lio/netty/util/concurrent/EventExecutorChooserFactory;[Ljava/lang/Object;)V+82
j  io.netty.util.concurrent.MultithreadEventExecutorGroup.<init>(ILjava/util/concurrent/Executor;[Ljava/lang/Object;)V+7
j  io.netty.util.concurrent.MultithreadEventExecutorGroup.<init>(ILjava/util/concurrent/ThreadFactory;[Ljava/lang/Object;)V+19
j  io.netty.channel.MultithreadEventLoopGroup.<init>(ILjava/util/concurrent/ThreadFactory;[Ljava/lang/Object;)V+14
j  io.netty.channel.nio.NioEventLoopGroup.<init>(ILjava/util/concurrent/ThreadFactory;Ljava/nio/channels/spi/SelectorProvider;Lio/netty/channel/SelectStrategyFactory;)V+22
j  io.netty.channel.nio.NioEventLoopGroup.<init>(ILjava/util/concurrent/ThreadFactory;Ljava/nio/channels/spi/SelectorProvider;)V+7
j  io.netty.channel.nio.NioEventLoopGroup.<init>(ILjava/util/concurrent/ThreadFactory;)V+6
j  org.asynchttpclient.netty.channel.NioTransportFactory.newEventLoopGroup(ILjava/util/concurrent/ThreadFactory;)Lio/netty/channel/nio/NioEventLoopGroup;+6
j  org.asynchttpclient.netty.channel.NioTransportFactory.newEventLoopGroup(ILjava/util/concurrent/ThreadFactory;)Lio/netty/channel/EventLoopGroup;+3
j  org.asynchttpclient.netty.channel.ChannelManager.<init>(Lorg/asynchttpclient/AsyncHttpClientConfig;Lio/netty/util/Timer;)V+224
j  org.asynchttpclient.DefaultAsyncHttpClient.<init>(Lorg/asynchttpclient/AsyncHttpClientConfig;)V+89
j  org.asynchttpclient.Dsl.asyncHttpClient(Lorg/asynchttpclient/DefaultAsyncHttpClientConfig$Builder;)Lorg/asynchttpclient/AsyncHttpClient;+8
j  org.openqa.selenium.remote.http.netty.NettyClient.createHttpClient(Lorg/openqa/selenium/remote/http/ClientConfig;)Lorg/asynchttpclient/AsyncHttpClient;+106
j  org.openqa.selenium.remote.http.netty.NettyClient.<clinit>()V+3
v  ~StubRoutines::call_stub
j  org.openqa.selenium.remote.http.netty.NettyClient$Factory.createClient(Lorg/openqa/selenium/remote/http/ClientConfig;)Lorg/openqa/selenium/remote/http/HttpClient;+38
j  org.openqa.selenium.remote.HttpCommandExecutor.<init>(Ljava/util/Map;Lorg/openqa/selenium/remote/http/ClientConfig;Lorg/openqa/selenium/remote/http/HttpClient$Factory;)V+59
j  org.openqa.selenium.remote.HttpCommandExecutor.<init>(Ljava/util/Map;Ljava/net/URL;Lorg/openqa/selenium/remote/http/HttpClient$Factory;)V+18
j  org.openqa.selenium.remote.HttpCommandExecutor.<init>(Ljava/util/Map;Ljava/net/URL;)V+22
j  org.openqa.selenium.remote.service.DriverCommandExecutor.<init>(Lorg/openqa/selenium/remote/service/DriverService;Ljava/util/Map;)V+6
j  org.openqa.selenium.chromium.ChromiumDriverCommandExecutor.<init>(Lorg/openqa/selenium/remote/service/DriverService;Ljava/util/Map;)V+6
j  org.openqa.selenium.chrome.ChromeDriver$ChromeDriverCommandExecutor.<init>(Lorg/openqa/selenium/remote/service/DriverService;)V+5
j  org.openqa.selenium.chrome.ChromeDriver.<init>(Lorg/openqa/selenium/chrome/ChromeDriverService;Lorg/openqa/selenium/chrome/ChromeOptions;)V+6
j  org.openqa.selenium.chrome.ChromeDriver.<init>(Lorg/openqa/selenium/chrome/ChromeOptions;)V+6
j  FrameWork.Browser.DriverManager.getManagerDriver(LFrameWork/Browser/TypeBrowser;)Lorg/openqa/selenium/WebDriver;+91
j  FrameWork.Browser.DriverManager.getDriver(LFrameWork/Browser/TypeBrowser;)Lorg/openqa/selenium/WebDriver;+7
j  FrameWork.TestBase.getDriverManager()Lorg/openqa/selenium/WebDriver;+3
j  TestCases.RealizarCompraComSucessoTest.<init>()V+5
v  ~StubRoutines::call_stub
j  jdk.internal.reflect.NativeConstructorAccessorImpl.newInstance0(Ljava/lang/reflect/Constructor;[Ljava/lang/Object;)Ljava/lang/Object;+0 java.base@17.0.5
j  jdk.internal.reflect.NativeConstructorAccessorImpl.newInstance([Ljava/lang/Object;)Ljava/lang/Object;+118 java.base@17.0.5
J 844 c1 jdk.internal.reflect.DelegatingConstructorAccessorImpl.newInstance([Ljava/lang/Object;)Ljava/lang/Object; java.base@17.0.5 (9 bytes) @ 0x000000385fa9f3bc [0x000000385fa9f2c0+0x00000000000000fc]
j  java.lang.reflect.Constructor.newInstanceWithCaller([Ljava/lang/Object;ZLjava/lang/Class;)Ljava/lang/Object;+65 java.base@17.0.5
j  java.lang.reflect.Constructor.newInstance([Ljava/lang/Object;)Ljava/lang/Object;+30 java.base@17.0.5
j  org.junit.runners.BlockJUnit4ClassRunner.createTest()Ljava/lang/Object;+11
j  org.junit.runners.BlockJUnit4ClassRunner.createTest(Lorg/junit/runners/model/FrameworkMethod;)Ljava/lang/Object;+1
j  org.junit.runners.BlockJUnit4ClassRunner$2.runReflectiveCall()Ljava/lang/Object;+8
j  org.junit.internal.runners.model.ReflectiveCallable.run()Ljava/lang/Object;+1
j  org.junit.runners.BlockJUnit4ClassRunner.methodBlock(Lorg/junit/runners/model/FrameworkMethod;)Lorg/junit/runners/model/Statement;+9
j  org.junit.runners.BlockJUnit4ClassRunner$1.evaluate()V+8
j  org.junit.runners.ParentRunner.runLeaf(Lorg/junit/runners/model/Statement;Lorg/junit/runner/Description;Lorg/junit/runner/notification/RunNotifier;)V+17
j  org.junit.runners.BlockJUnit4ClassRunner.runChild(Lorg/junit/runners/model/FrameworkMethod;Lorg/junit/runner/notification/RunNotifier;)V+38
j  org.junit.runners.BlockJUnit4ClassRunner.runChild(Ljava/lang/Object;Lorg/junit/runner/notification/RunNotifier;)V+6
j  org.junit.runners.ParentRunner$4.run()V+12
j  org.junit.runners.ParentRunner$1.schedule(Ljava/lang/Runnable;)V+1
j  org.junit.runners.ParentRunner.runChildren(Lorg/junit/runner/notification/RunNotifier;)V+44
j  org.junit.runners.ParentRunner.access$100(Lorg/junit/runners/ParentRunner;Lorg/junit/runner/notification/RunNotifier;)V+2
j  org.junit.runners.ParentRunner$2.evaluate()V+8
j  org.junit.runners.ParentRunner$3.evaluate()V+4
j  org.junit.runners.ParentRunner.run(Lorg/junit/runner/notification/RunNotifier;)V+24
j  org.eclipse.jdt.internal.junit4.runner.JUnit4TestReference.run(Lorg/eclipse/jdt/internal/junit/runner/TestExecution;)V+72
j  org.eclipse.jdt.internal.junit.runner.TestExecution.run([Lorg/eclipse/jdt/internal/junit/runner/ITestReference;)V+27
j  org.eclipse.jdt.internal.junit.runner.RemoteTestRunner.runTests([Ljava/lang/String;Ljava/lang/String;Lorg/eclipse/jdt/internal/junit/runner/TestExecution;)V+62
j  org.eclipse.jdt.internal.junit.runner.RemoteTestRunner.runTests(Lorg/eclipse/jdt/internal/junit/runner/TestExecution;)V+10
j  org.eclipse.jdt.internal.junit.runner.RemoteTestRunner.run()V+70
j  org.eclipse.jdt.internal.junit.runner.RemoteTestRunner.main([Ljava/lang/String;)V+14
v  ~StubRoutines::call_stub

siginfo: EXCEPTION_ACCESS_VIOLATION (0xc0000005), writing address 0x000000018080857b


Register to memory mapping:

RIP=0x0000000180008b5a LavasoftTcpService64.dll
RAX=0x0 is NULL
RBX=0x000000387d1c94a8 points into unknown readable memory: 0x0000000000000000 | 00 00 00 00 00 00 00 00
RCX=0x00000000000006f0 is an unknown value
RDX=0x0000000000000002 is an unknown value
RSP=0x000000385b47c7e8 is pointing into the stack for thread: 0x000000385bcf6fa0
RBP=0x00000000000006e8 is an unknown value
RSI=0x000000387c17f370 points into unknown readable memory: 0x000000387c17f370 | 70 f3 17 7c 38 00 00 00
RDI=0x00000000000006e8 is an unknown value
R8 =0x0000000000000001 is an unknown value
R9 =0x000000000000001f is an unknown value
R10=0x00000000000006f0 is an unknown value
R11=0x000000385bce5760 points into unknown readable memory: 0x00000000000007d0 | d0 07 00 00 00 00 00 00
R12=0x00000000000006f4 is an unknown value
R13=0x000000387a370760 is pointing into metadata
R14=0x000000387c17f340 points into unknown readable memory: 0x00000000000006e8 | e8 06 00 00 00 00 00 00
R15=0x000000385b47ca10 is pointing into the stack for thread: 0x000000385bcf6fa0


Registers:
RAX=0x0000000000000000, RBX=0x000000387d1c94a8, RCX=0x00000000000006f0, RDX=0x0000000000000002
RSP=0x000000385b47c7e8, RBP=0x00000000000006e8, RSI=0x000000387c17f370, RDI=0x00000000000006e8
R8 =0x0000000000000001, R9 =0x000000000000001f, R10=0x00000000000006f0, R11=0x000000385bce5760
R12=0x00000000000006f4, R13=0x000000387a370760, R14=0x000000387c17f340, R15=0x000000385b47ca10
RIP=0x0000000180008b5a, EFLAGS=0x0000000000010246

Top of Stack: (sp=0x000000385b47c7e8)
0x000000385b47c7e8:   000000387d1c94a8 00002c6d46c3f695
0x000000385b47c7f8:   000000018002ecac 00000000000006f0
0x000000385b47c808:   00000001800180a8 000000385b47c860
0x000000385b47c818:   0000000000002736 0000000000000001
0x000000385b47c828:   000000000000001f 00000000000006e8
0x000000385b47c838:   0000000180008a88 000000387d1c94a8
0x000000385b47c848:   000000387d1c94a8 0000000000000000
0x000000385b47c858:   00000000000006e8 0000000000002736
0x000000385b47c868:   0000000000000000 0000000000000000
0x000000385b47c878:   0000000000000000 00000000000006e8
0x000000385b47c888:   00007ff9f35d76e2 00000000000006f0
0x000000385b47c898:   0000000000000602 000000387c17f370
0x000000385b47c8a8:   000000385f396000 0000000000000000
0x000000385b47c8b8:   0000000000000000 0000003800000003
0x000000385b47c8c8:   0000003800000001 0000003800000000
0x000000385b47c8d8:   0000000000000000 0000000000000000 

Instructions: (pc=0x0000000180008b5a)
0x0000000180008a5a:   8b 44 24 50 48 8d 15 0b ee 03 00 48 8b 4c 24 28
0x0000000180008a6a:   e8 65 62 02 00 48 8b 4c 24 28 e8 0f 61 02 00 0f
0x0000000180008a7a:   b6 54 24 58 48 8b 4c 24 50 e8 b8 00 00 00 eb 4c
0x0000000180008a8a:   48 8d 54 24 20 48 8b 4c 24 30 e8 07 f5 00 00 48
0x0000000180008a9a:   83 7c 24 28 00 74 28 0f b6 44 24 58 44 8b c8 4c
0x0000000180008aaa:   8b 44 24 50 48 8d 15 cb ed 03 00 48 8b 4c 24 28
0x0000000180008aba:   e8 15 62 02 00 48 8b 4c 24 28 e8 bf 60 02 00 33
0x0000000180008aca:   c9 ff 15 3f c6 03 00 b8 01 00 00 00 48 83 c4 48
0x0000000180008ada:   c3 cc cc cc cc cc 48 83 ec 28 0f b6 05 0d b4 05
0x0000000180008aea:   00 85 c0 74 3e 48 83 3d 09 b4 05 00 00 74 34 c6
0x0000000180008afa:   05 f8 b3 05 00 00 48 c7 05 f5 b3 05 00 00 00 00
0x0000000180008b0a:   00 44 0f b6 0d e6 b3 05 00 44 8b 05 fe b3 05 00
0x0000000180008b1a:   48 8d 15 ff b3 05 00 48 8b 0d e0 b3 05 00 e8 83
0x0000000180008b2a:   1c 02 00 48 83 c4 28 c3 cc cc cc cc cc cc cc cc
0x0000000180008b3a:   cc cc cc cc cc cc 48 83 ec 48 0f b6 c2 a9 fc ff
0x0000000180008b4a:   ff ff 0f 85 fb 3c 0b 00 f6 ff 25 00 00 00 00 53
0x0000000180008b5a:   d2 3d 1b fa 7f 00 00 af 04 24 89 04 24 8b 44 24
0x0000000180008b6a:   04 0f af 04 24 ff c0 89 04 24 8b 44 24 04 0f af
0x0000000180008b7a:   04 24 83 c0 02 89 04 24 8b 44 24 04 0f af 04 24
0x0000000180008b8a:   83 c0 03 89 04 24 8b 44 24 04 0f af 04 24 83 c0
0x0000000180008b9a:   04 89 04 24 8b 44 24 04 0f af 04 24 83 c0 05 89
0x0000000180008baa:   04 24 8b 44 24 04 0f af 04 24 83 c0 06 89 04 24
0x0000000180008bba:   8b 44 24 04 0f af 04 24 83 c0 07 89 04 24 8b 44
0x0000000180008bca:   24 04 0f af 04 24 83 c0 08 89 04 24 8b 44 24 04
0x0000000180008bda:   0f af 04 24 83 c0 09 89 04 24 8b 44 24 04 0f af
0x0000000180008bea:   04 24 83 c0 0a 89 04 24 8b 44 24 04 0f af 04 24
0x0000000180008bfa:   83 c0 0b 89 04 24 8b 44 24 04 0f af 04 24 83 c0
0x0000000180008c0a:   0d 89 04 24 8b 44 24 04 0f af 04 24 83 c0 0e 89
0x0000000180008c1a:   04 24 8b 44 24 04 0f af 04 24 83 c0 0f 89 04 24
0x0000000180008c2a:   8b 44 24 04 0f af 04 24 83 c0 10 89 04 24 8b 44
0x0000000180008c3a:   24 04 0f af 04 24 83 c0 11 89 04 24 8b 44 24 04
0x0000000180008c4a:   0f af 04 24 83 c0 12 89 04 24 8b 44 24 04 0f af 


Stack slot to memory mapping:
stack at sp + 0 slots: 0x000000387d1c94a8 points into unknown readable memory: 0x0000000000000000 | 00 00 00 00 00 00 00 00
stack at sp + 1 slots: 0x00002c6d46c3f695 is an unknown value
stack at sp + 2 slots: 0x000000018002ecac LavasoftTcpService64.dll
stack at sp + 3 slots: 0x00000000000006f0 is an unknown value
stack at sp + 4 slots: 0x00000001800180a8 LavasoftTcpService64.dll
stack at sp + 5 slots: 0x000000385b47c860 is pointing into the stack for thread: 0x000000385bcf6fa0
stack at sp + 6 slots: 0x0000000000002736 is an unknown value
stack at sp + 7 slots: 0x0000000000000001 is an unknown value


---------------  P R O C E S S  ---------------

Threads class SMR info:
_java_thread_list=0x000000387ae30910, length=17, elements={
0x000000385bcf6fa0, 0x0000003876c28830, 0x0000003876c29530, 0x0000003876c32ba0,
0x0000003876c74110, 0x0000003876c748d0, 0x0000003876c7afb0, 0x0000003876c98b10,
0x0000003876c991c0, 0x0000003876c9b7d0, 0x0000003876deb100, 0x0000003876deb5d0,
0x0000003876f32870, 0x0000003876debf70, 0x0000003879654310, 0x0000003876de9dc0,
0x0000003876de98f0
}

Java Threads: ( => current thread )
=>0x000000385bcf6fa0 JavaThread "main" [_thread_in_native, id=10168, stack(0x000000385b380000,0x000000385b480000)]
  0x0000003876c28830 JavaThread "Reference Handler" daemon [_thread_blocked, id=8564, stack(0x00000038762d0000,0x00000038763d0000)]
  0x0000003876c29530 JavaThread "Finalizer" daemon [_thread_blocked, id=2644, stack(0x0000003877000000,0x0000003877100000)]
  0x0000003876c32ba0 JavaThread "Signal Dispatcher" daemon [_thread_blocked, id=9624, stack(0x00000038771f0000,0x00000038772f0000)]
  0x0000003876c74110 JavaThread "Attach Listener" daemon [_thread_blocked, id=6592, stack(0x00000038772f0000,0x00000038773f0000)]
  0x0000003876c748d0 JavaThread "Service Thread" daemon [_thread_blocked, id=8596, stack(0x00000038773f0000,0x00000038774f0000)]
  0x0000003876c7afb0 JavaThread "Monitor Deflation Thread" daemon [_thread_blocked, id=9716, stack(0x00000038774f0000,0x00000038775f0000)]
  0x0000003876c98b10 JavaThread "C2 CompilerThread0" daemon [_thread_blocked, id=8636, stack(0x00000038775f0000,0x00000038776f0000)]
  0x0000003876c991c0 JavaThread "C1 CompilerThread0" daemon [_thread_blocked, id=10212, stack(0x00000038776f0000,0x00000038777f0000)]
  0x0000003876c9b7d0 JavaThread "Sweeper thread" daemon [_thread_blocked, id=5832, stack(0x00000038777f0000,0x00000038778f0000)]
  0x0000003876deb100 JavaThread "Notification Thread" daemon [_thread_blocked, id=9456, stack(0x00000038778f0000,0x00000038779f0000)]
  0x0000003876deb5d0 JavaThread "Common-Cleaner" daemon [_thread_blocked, id=5092, stack(0x0000003877af0000,0x0000003877bf0000)]
  0x0000003876f32870 JavaThread "C2 CompilerThread1" daemon [_thread_blocked, id=7004, stack(0x0000003879670000,0x0000003879770000)]
  0x0000003876debf70 JavaThread "ReaderThread" [_thread_in_native, id=6116, stack(0x00000038798b0000,0x00000038799b0000)]
  0x0000003879654310 JavaThread "C2 CompilerThread2" daemon [_thread_blocked, id=160, stack(0x00000038799b0000,0x0000003879ab0000)]
  0x0000003876de9dc0 JavaThread "ForkJoinPool.commonPool-worker-1" daemon [_thread_blocked, id=5100, stack(0x000000387caa0000,0x000000387cba0000)]
  0x0000003876de98f0 JavaThread "AsyncHttpClient-1-1" daemon [_thread_blocked, id=4140, stack(0x000000387e400000,0x000000387e500000)]

Other Threads:
  0x0000003875c9ec50 VMThread "VM Thread" [stack: 0x00000038761d0000,0x00000038762d0000] [id=6980]
  0x000000385bd750c0 WatcherThread [stack: 0x00000038779f0000,0x0000003877af0000] [id=7052]
  0x000000385bd53c90 GCTaskThread "GC Thread#0" [stack: 0x0000003873250000,0x0000003873350000] [id=6680]
  0x000000387b29d930 GCTaskThread "GC Thread#1" [stack: 0x0000003879ab0000,0x0000003879bb0000] [id=7708]
  0x000000387b58ea40 GCTaskThread "GC Thread#2" [stack: 0x000000387c3a0000,0x000000387c4a0000] [id=5556]
  0x000000387ae4e820 GCTaskThread "GC Thread#3" [stack: 0x000000387c4a0000,0x000000387c5a0000] [id=2680]
  0x000000387ac088b0 GCTaskThread "GC Thread#4" [stack: 0x000000387c5a0000,0x000000387c6a0000] [id=8600]
  0x000000387b36b900 GCTaskThread "GC Thread#5" [stack: 0x000000387c6a0000,0x000000387c7a0000] [id=8832]
  0x000000387a774870 GCTaskThread "GC Thread#6" [stack: 0x000000387c7a0000,0x000000387c8a0000] [id=8080]
  0x000000387b776f40 GCTaskThread "GC Thread#7" [stack: 0x000000387c9a0000,0x000000387caa0000] [id=6820]
  0x000000385bd64ac0 ConcurrentGCThread "G1 Main Marker" [stack: 0x0000003873350000,0x0000003873450000] [id=3576]
  0x000000385bd66090 ConcurrentGCThread "G1 Conc#0" [stack: 0x0000003873450000,0x0000003873550000] [id=9804]
  0x000000387bd7d770 ConcurrentGCThread "G1 Conc#1" [stack: 0x000000387e500000,0x000000387e600000] [id=8548]
  0x0000003875b1adb0 ConcurrentGCThread "G1 Refine#0" [stack: 0x0000003875fd0000,0x00000038760d0000] [id=1900]
  0x000000387a6dd700 ConcurrentGCThread "G1 Refine#1" [stack: 0x000000387c8a0000,0x000000387c9a0000] [id=2208]
  0x0000003875b1b3e0 ConcurrentGCThread "G1 Service" [stack: 0x00000038760d0000,0x00000038761d0000] [id=6128]

Threads with active compile tasks:

VM state: not at safepoint (normal execution)

VM Mutex/Monitor currently owned by a thread: None

Heap address: 0x0000000080c00000, size: 2036 MB, Compressed Oops mode: 32-bit

CDS archive(s) not mapped
Compressed class space mapped at: 0x0000000100000000-0x0000000140000000, reserved size: 1073741824
Narrow klass base: 0x0000000000000000, Narrow klass shift: 3, Narrow klass range: 0x140000000

GC Precious Log:
 CPUs: 8 total, 8 available
 Memory: 8143M
 Large Page Support: Disabled
 NUMA Support: Disabled
 Compressed Oops: Enabled (32-bit)
 Heap Region Size: 1M
 Heap Min Capacity: 8M
 Heap Initial Capacity: 128M
 Heap Max Capacity: 2036M
 Pre-touch: Disabled
 Parallel Workers: 8
 Concurrent Workers: 2
 Concurrent Refinement Workers: 8
 Periodic GC: Disabled

Heap:
 garbage-first heap   total 48128K, used 11654K [0x0000000080c00000, 0x0000000100000000)
  region size 1024K, 6 young (6144K), 5 survivors (5120K)
 Metaspace       used 21648K, committed 21824K, reserved 1073152K
  class space    used 2250K, committed 2304K, reserved 1048576K

Heap Regions: E=young(eden), S=young(survivor), O=old, HS=humongous(starts), HC=humongous(continues), CS=collection set, F=free, OA=open archive, CA=closed archive, TAMS=top-at-mark-start (previous, next)
|   0|0x0000000080c00000, 0x0000000080d00000, 0x0000000080d00000|100%| O|  |TAMS 0x0000000080d00000, 0x0000000080c00000| Untracked 
|   1|0x0000000080d00000, 0x0000000080e00000, 0x0000000080e00000|100%| O|  |TAMS 0x0000000080e00000, 0x0000000080d00000| Untracked 
|   2|0x0000000080e00000, 0x0000000080f00000, 0x0000000080f00000|100%| O|  |TAMS 0x0000000080f00000, 0x0000000080e00000| Untracked 
|   3|0x0000000080f00000, 0x0000000081000000, 0x0000000081000000|100%| O|  |TAMS 0x0000000081000000, 0x0000000080f00000| Untracked 
|   4|0x0000000081000000, 0x0000000081100000, 0x0000000081100000|100%| O|  |TAMS 0x0000000081100000, 0x0000000081000000| Untracked 
|   5|0x0000000081100000, 0x0000000081200000, 0x0000000081200000|100%| O|  |TAMS 0x0000000081200000, 0x0000000081100000| Untracked 
|   6|0x0000000081200000, 0x0000000081300000, 0x0000000081300000|100%| O|  |TAMS 0x0000000081300000, 0x0000000081200000| Untracked 
|   7|0x0000000081300000, 0x000000008133f800, 0x0000000081400000| 24%| O|  |TAMS 0x000000008133f800, 0x0000000081300000| Complete 
|   8|0x0000000081400000, 0x0000000081400000, 0x0000000081500000|  0%| F|  |TAMS 0x0000000081400000, 0x0000000081400000| Untracked 
|   9|0x0000000081500000, 0x0000000081500000, 0x0000000081600000|  0%| F|  |TAMS 0x0000000081500000, 0x0000000081500000| Untracked 
|  10|0x0000000081600000, 0x0000000081600000, 0x0000000081700000|  0%| F|  |TAMS 0x0000000081600000, 0x0000000081600000| Untracked 
|  11|0x0000000081700000, 0x0000000081700000, 0x0000000081800000|  0%| F|  |TAMS 0x0000000081700000, 0x0000000081700000| Untracked 
|  12|0x0000000081800000, 0x0000000081800000, 0x0000000081900000|  0%| F|  |TAMS 0x0000000081800000, 0x0000000081800000| Untracked 
|  13|0x0000000081900000, 0x0000000081900000, 0x0000000081a00000|  0%| F|  |TAMS 0x0000000081900000, 0x0000000081900000| Untracked 
|  14|0x0000000081a00000, 0x0000000081a00000, 0x0000000081b00000|  0%| F|  |TAMS 0x0000000081a00000, 0x0000000081a00000| Untracked 
|  15|0x0000000081b00000, 0x0000000081b00000, 0x0000000081c00000|  0%| F|  |TAMS 0x0000000081b00000, 0x0000000081b00000| Untracked 
|  16|0x0000000081c00000, 0x0000000081c00000, 0x0000000081d00000|  0%| F|  |TAMS 0x0000000081c00000, 0x0000000081c00000| Untracked 
|  17|0x0000000081d00000, 0x0000000081d00000, 0x0000000081e00000|  0%| F|  |TAMS 0x0000000081d00000, 0x0000000081d00000| Untracked 
|  18|0x0000000081e00000, 0x0000000081e00000, 0x0000000081f00000|  0%| F|  |TAMS 0x0000000081e00000, 0x0000000081e00000| Untracked 
|  19|0x0000000081f00000, 0x0000000081f00000, 0x0000000082000000|  0%| F|  |TAMS 0x0000000081f00000, 0x0000000081f00000| Untracked 
|  20|0x0000000082000000, 0x0000000082000000, 0x0000000082100000|  0%| F|  |TAMS 0x0000000082000000, 0x0000000082000000| Untracked 
|  21|0x0000000082100000, 0x0000000082100000, 0x0000000082200000|  0%| F|  |TAMS 0x0000000082100000, 0x0000000082100000| Untracked 
|  22|0x0000000082200000, 0x0000000082200000, 0x0000000082300000|  0%| F|  |TAMS 0x0000000082200000, 0x0000000082200000| Untracked 
|  23|0x0000000082300000, 0x0000000082300000, 0x0000000082400000|  0%| F|  |TAMS 0x0000000082300000, 0x0000000082300000| Untracked 
|  24|0x0000000082400000, 0x0000000082400000, 0x0000000082500000|  0%| F|  |TAMS 0x0000000082400000, 0x0000000082400000| Untracked 
|  25|0x0000000082500000, 0x0000000082500000, 0x0000000082600000|  0%| F|  |TAMS 0x0000000082500000, 0x0000000082500000| Untracked 
|  26|0x0000000082600000, 0x0000000082600000, 0x0000000082700000|  0%| F|  |TAMS 0x0000000082600000, 0x0000000082600000| Untracked 
|  27|0x0000000082700000, 0x0000000082700000, 0x0000000082800000|  0%| F|  |TAMS 0x0000000082700000, 0x0000000082700000| Untracked 
|  28|0x0000000082800000, 0x0000000082800000, 0x0000000082900000|  0%| F|  |TAMS 0x0000000082800000, 0x0000000082800000| Untracked 
|  29|0x0000000082900000, 0x0000000082900000, 0x0000000082a00000|  0%| F|  |TAMS 0x0000000082900000, 0x0000000082900000| Untracked 
|  30|0x0000000082a00000, 0x0000000082a00000, 0x0000000082b00000|  0%| F|  |TAMS 0x0000000082a00000, 0x0000000082a00000| Untracked 
|  31|0x0000000082b00000, 0x0000000082b00000, 0x0000000082c00000|  0%| F|  |TAMS 0x0000000082b00000, 0x0000000082b00000| Untracked 
|  32|0x0000000082c00000, 0x0000000082c00000, 0x0000000082d00000|  0%| F|  |TAMS 0x0000000082c00000, 0x0000000082c00000| Untracked 
|  33|0x0000000082d00000, 0x0000000082d00000, 0x0000000082e00000|  0%| F|  |TAMS 0x0000000082d00000, 0x0000000082d00000| Untracked 
|  34|0x0000000082e00000, 0x0000000082e00000, 0x0000000082f00000|  0%| F|  |TAMS 0x0000000082e00000, 0x0000000082e00000| Untracked 
|  35|0x0000000082f00000, 0x0000000082f00000, 0x0000000083000000|  0%| F|  |TAMS 0x0000000082f00000, 0x0000000082f00000| Untracked 
|  36|0x0000000083000000, 0x0000000083000000, 0x0000000083100000|  0%| F|  |TAMS 0x0000000083000000, 0x0000000083000000| Untracked 
|  37|0x0000000083100000, 0x0000000083100000, 0x0000000083200000|  0%| F|  |TAMS 0x0000000083100000, 0x0000000083100000| Untracked 
|  38|0x0000000083200000, 0x0000000083200000, 0x0000000083300000|  0%| F|  |TAMS 0x0000000083200000, 0x0000000083200000| Untracked 
|  39|0x0000000083300000, 0x0000000083300000, 0x0000000083400000|  0%| F|  |TAMS 0x0000000083300000, 0x0000000083300000| Untracked 
|  40|0x0000000083400000, 0x0000000083400000, 0x0000000083500000|  0%| F|  |TAMS 0x0000000083400000, 0x0000000083400000| Untracked 
| 109|0x0000000087900000, 0x0000000087922020, 0x0000000087a00000| 13%| S|CS|TAMS 0x0000000087900000, 0x0000000087900000| Complete 
| 110|0x0000000087a00000, 0x0000000087b00000, 0x0000000087b00000|100%| S|CS|TAMS 0x0000000087a00000, 0x0000000087a00000| Complete 
| 111|0x0000000087b00000, 0x0000000087c00000, 0x0000000087c00000|100%| S|CS|TAMS 0x0000000087b00000, 0x0000000087b00000| Complete 
| 112|0x0000000087c00000, 0x0000000087d00000, 0x0000000087d00000|100%| S|CS|TAMS 0x0000000087c00000, 0x0000000087c00000| Complete 
| 113|0x0000000087d00000, 0x0000000087e00000, 0x0000000087e00000|100%| S|CS|TAMS 0x0000000087d00000, 0x0000000087d00000| Complete 
| 127|0x0000000088b00000, 0x0000000088c00000, 0x0000000088c00000|100%| E|  |TAMS 0x0000000088b00000, 0x0000000088b00000| Complete 

Card table byte_map: [0x000000386eab0000,0x000000386eeb0000] _byte_map_base: 0x000000386e6aa000

Marking Bits (Prev, Next): (CMBitMap*) 0x000000385bd542e0, (CMBitMap*) 0x000000385bd542a0
 Prev Bits: [0x0000003871280000, 0x0000003873250000)
 Next Bits: [0x000000386f2b0000, 0x0000003871280000)

Polling page: 0x000000385b480000

Metaspace:

Usage:
  Non-class:     18.94 MB used.
      Class:      2.20 MB used.
       Both:     21.14 MB used.

Virtual space:
  Non-class space:       24.00 MB reserved,      19.06 MB ( 79%) committed,  3 nodes.
      Class space:        1.00 GB reserved,       2.25 MB ( <1%) committed,  1 nodes.
             Both:        1.02 GB reserved,      21.31 MB (  2%) committed. 

Chunk freelists:
   Non-Class:  368.00 KB
       Class:  1.58 MB
        Both:  1.94 MB

MaxMetaspaceSize: unlimited
CompressedClassSpaceSize: 1.00 GB
Initial GC threshold: 21.00 MB
Current GC threshold: 35.13 MB
CDS: off
MetaspaceReclaimPolicy: balanced
 - commit_granule_bytes: 65536.
 - commit_granule_words: 8192.
 - virtual_space_node_default_size: 1048576.
 - enlarge_chunks_in_place: 1.
 - new_chunks_are_fully_committed: 0.
 - uncommit_free_chunks: 1.
 - use_allocation_guard: 0.
 - handle_deallocations: 1.


Internal statistics:

num_allocs_failed_limit: 3.
num_arena_births: 60.
num_arena_deaths: 0.
num_vsnodes_births: 4.
num_vsnodes_deaths: 0.
num_space_committed: 341.
num_space_uncommitted: 0.
num_chunks_returned_to_freelist: 3.
num_chunks_taken_from_freelist: 334.
num_chunk_merges: 3.
num_chunk_splits: 215.
num_chunks_enlarged: 163.
num_purges: 0.
num_inconsistent_stats: 0.

CodeHeap 'non-profiled nmethods': size=120000Kb used=848Kb max_used=848Kb free=119151Kb
 bounds [0x0000003866e40000, 0x00000038670b0000, 0x000000386e370000]
CodeHeap 'profiled nmethods': size=120000Kb used=3358Kb max_used=3358Kb free=116641Kb
 bounds [0x000000385f910000, 0x000000385fc60000, 0x0000003866e40000]
CodeHeap 'non-nmethods': size=5760Kb used=1215Kb max_used=1265Kb free=4544Kb
 bounds [0x000000385f370000, 0x000000385f5e0000, 0x000000385f910000]
 total_blobs=2236 nmethods=1720 adapters=429
 compilation: enabled
              stopped_count=0, restarted_count=0
 full_count=0

Compilation events (20 events):
Event: 1.026 Thread 0x0000003876c991c0 nmethod 1713 0x0000003866f12610 code [0x0000003866f127a0, 0x0000003866f12878]
Event: 1.026 Thread 0x0000003876c991c0 1714       3       jdk.internal.misc.CDS::isDumpingArchive (4 bytes)
Event: 1.026 Thread 0x0000003876c991c0 nmethod 1714 0x000000385fc54a90 code [0x000000385fc54c20, 0x000000385fc54d18]
Event: 1.026 Thread 0x0000003876c991c0 1716       3       jdk.internal.org.objectweb.asm.ClassReader::<init> (371 bytes)
Event: 1.030 Thread 0x0000003876c991c0 nmethod 1716 0x000000385fc54d90 code [0x000000385fc55080, 0x000000385fc563f8]
Event: 1.030 Thread 0x0000003876c991c0 1715       3       java.lang.invoke.MethodHandles$Lookup$ClassFile::readUnsignedShort (39 bytes)
Event: 1.030 Thread 0x0000003876c991c0 nmethod 1715 0x000000385fc56990 code [0x000000385fc56b40, 0x000000385fc56d48]
Event: 1.030 Thread 0x0000003876c991c0 1717       1       jdk.internal.org.objectweb.asm.ClassReader::getMaxStringLength (5 bytes)
Event: 1.031 Thread 0x0000003876c991c0 nmethod 1717 0x0000003866f12910 code [0x0000003866f12aa0, 0x0000003866f12b78]
Event: 1.033 Thread 0x0000003876c991c0 1718       3       java.util.zip.ZipFile$ZipEntryIterator::hasMoreElements (5 bytes)
Event: 1.033 Thread 0x0000003876c991c0 nmethod 1718 0x000000385fc56e90 code [0x000000385fc57020, 0x000000385fc571f8]
Event: 1.033 Thread 0x0000003876c991c0 1719       3       java.util.zip.ZipFile$ZipEntryIterator::nextElement (5 bytes)
Event: 1.034 Thread 0x0000003876c991c0 nmethod 1719 0x000000385fc57290 code [0x000000385fc57440, 0x000000385fc57608]
Event: 1.034 Thread 0x0000003876c991c0 1720       3       java.util.zip.ZipFile$ZipEntryIterator::nextElement (5 bytes)
Event: 1.034 Thread 0x0000003876c991c0 nmethod 1720 0x000000385fc57710 code [0x000000385fc578c0, 0x000000385fc57a08]
Event: 1.035 Thread 0x0000003876c991c0 1721       1       java.lang.reflect.Field::getName (5 bytes)
Event: 1.035 Thread 0x0000003876c991c0 nmethod 1721 0x0000003866f12c10 code [0x0000003866f12da0, 0x0000003866f12e78]
Event: 1.037 Thread 0x0000003876f32870 1722       4       jdk.internal.org.objectweb.asm.SymbolTable::put (150 bytes)
Event: 1.039 Thread 0x0000003876f32870 nmethod 1722 0x0000003866f12f10 code [0x0000003866f130a0, 0x0000003866f133b8]
Event: 1.040 Thread 0x0000003876f32870 1723 %     4       sun.security.provider.SHA2::implCompress0 @ 27 (490 bytes)

GC Heap History (6 events):
Event: 0.499 GC heap before
{Heap before GC invocations=0 (full 0):
 garbage-first heap   total 131072K, used 22528K [0x0000000080c00000, 0x0000000100000000)
  region size 1024K, 23 young (23552K), 0 survivors (0K)
 Metaspace       used 13007K, committed 13120K, reserved 1064960K
  class space    used 1209K, committed 1280K, reserved 1048576K
}
Event: 0.505 GC heap after
{Heap after GC invocations=1 (full 0):
 garbage-first heap   total 131072K, used 7163K [0x0000000080c00000, 0x0000000100000000)
  region size 1024K, 3 young (3072K), 3 survivors (3072K)
 Metaspace       used 13007K, committed 13120K, reserved 1064960K
  class space    used 1209K, committed 1280K, reserved 1048576K
}
Event: 0.805 GC heap before
{Heap before GC invocations=1 (full 0):
 garbage-first heap   total 131072K, used 28667K [0x0000000080c00000, 0x0000000100000000)
  region size 1024K, 24 young (24576K), 3 survivors (3072K)
 Metaspace       used 16563K, committed 16704K, reserved 1064960K
  class space    used 1599K, committed 1664K, reserved 1048576K
}
Event: 0.811 GC heap after
{Heap after GC invocations=2 (full 0):
 garbage-first heap   total 131072K, used 10494K [0x0000000080c00000, 0x0000000100000000)
  region size 1024K, 3 young (3072K), 3 survivors (3072K)
 Metaspace       used 16563K, committed 16704K, reserved 1064960K
  class space    used 1599K, committed 1664K, reserved 1048576K
}
Event: 1.020 GC heap before
{Heap before GC invocations=2 (full 0):
 garbage-first heap   total 131072K, used 23806K [0x0000000080c00000, 0x0000000100000000)
  region size 1024K, 17 young (17408K), 3 survivors (3072K)
 Metaspace       used 21349K, committed 21504K, reserved 1073152K
  class space    used 2200K, committed 2304K, reserved 1048576K
}
Event: 1.022 GC heap after
{Heap after GC invocations=3 (full 0):
 garbage-first heap   total 131072K, used 11654K [0x0000000080c00000, 0x0000000100000000)
  region size 1024K, 5 young (5120K), 5 survivors (5120K)
 Metaspace       used 21349K, committed 21504K, reserved 1073152K
  class space    used 2200K, committed 2304K, reserved 1048576K
}

Dll operation events (9 events):
Event: 0.003 Loaded shared library C:\Program Files (x86)\plugins\org.eclipse.justj.openjdk.hotspot.jre.full.win32.x86_64_17.0.5.v20221102-0933\jre\bin\java.dll
Event: 0.096 Loaded shared library C:\Program Files (x86)\plugins\org.eclipse.justj.openjdk.hotspot.jre.full.win32.x86_64_17.0.5.v20221102-0933\jre\bin\net.dll
Event: 0.103 Loaded shared library C:\Program Files (x86)\plugins\org.eclipse.justj.openjdk.hotspot.jre.full.win32.x86_64_17.0.5.v20221102-0933\jre\bin\nio.dll
Event: 0.107 Loaded shared library C:\Program Files (x86)\plugins\org.eclipse.justj.openjdk.hotspot.jre.full.win32.x86_64_17.0.5.v20221102-0933\jre\bin\zip.dll
Event: 0.238 Loaded shared library C:\Program Files (x86)\plugins\org.eclipse.justj.openjdk.hotspot.jre.full.win32.x86_64_17.0.5.v20221102-0933\jre\bin\jimage.dll
Event: 0.303 Loaded shared library C:\Program Files (x86)\plugins\org.eclipse.justj.openjdk.hotspot.jre.full.win32.x86_64_17.0.5.v20221102-0933\jre\bin\verify.dll
Event: 0.924 Loaded shared library C:\Program Files (x86)\plugins\org.eclipse.justj.openjdk.hotspot.jre.full.win32.x86_64_17.0.5.v20221102-0933\jre\bin\management.dll
Event: 0.927 Loaded shared library C:\Program Files (x86)\plugins\org.eclipse.justj.openjdk.hotspot.jre.full.win32.x86_64_17.0.5.v20221102-0933\jre\bin\management_ext.dll
Event: 0.978 Loaded shared library C:\Program Files (x86)\plugins\org.eclipse.justj.openjdk.hotspot.jre.full.win32.x86_64_17.0.5.v20221102-0933\jre\bin\sunmscapi.dll

Deoptimization events (20 events):
Event: 0.963 Thread 0x000000385bcf6fa0 DEOPT PACKING pc=0x000000385f9ed5be sp=0x000000385b47be70
Event: 0.963 Thread 0x000000385bcf6fa0 DEOPT UNPACKING pc=0x000000385f3c2b43 sp=0x000000385b47b2f0 mode 0
Event: 0.963 Thread 0x000000385bcf6fa0 DEOPT PACKING pc=0x000000385f9ed5be sp=0x000000385b47be70
Event: 0.963 Thread 0x000000385bcf6fa0 DEOPT UNPACKING pc=0x000000385f3c2b43 sp=0x000000385b47b2f0 mode 0
Event: 0.963 Thread 0x000000385bcf6fa0 DEOPT PACKING pc=0x000000385f9ed5be sp=0x000000385b47be70
Event: 0.963 Thread 0x000000385bcf6fa0 DEOPT UNPACKING pc=0x000000385f3c2b43 sp=0x000000385b47b2f0 mode 0
Event: 0.963 Thread 0x000000385bcf6fa0 DEOPT PACKING pc=0x000000385f9ed5be sp=0x000000385b47be70
Event: 0.963 Thread 0x000000385bcf6fa0 DEOPT UNPACKING pc=0x000000385f3c2b43 sp=0x000000385b47b2f0 mode 0
Event: 0.963 Thread 0x000000385bcf6fa0 DEOPT PACKING pc=0x000000385f9ed5be sp=0x000000385b47be70
Event: 0.963 Thread 0x000000385bcf6fa0 DEOPT UNPACKING pc=0x000000385f3c2b43 sp=0x000000385b47b2f0 mode 0
Event: 0.963 Thread 0x000000385bcf6fa0 DEOPT PACKING pc=0x000000385f9ed5be sp=0x000000385b47be70
Event: 0.963 Thread 0x000000385bcf6fa0 DEOPT UNPACKING pc=0x000000385f3c2b43 sp=0x000000385b47b2f0 mode 0
Event: 0.964 Thread 0x000000385bcf6fa0 DEOPT PACKING pc=0x000000385f9ed5be sp=0x000000385b47be70
Event: 0.964 Thread 0x000000385bcf6fa0 DEOPT UNPACKING pc=0x000000385f3c2b43 sp=0x000000385b47b2f0 mode 0
Event: 0.964 Thread 0x000000385bcf6fa0 DEOPT PACKING pc=0x000000385f9ed5be sp=0x000000385b47be70
Event: 0.964 Thread 0x000000385bcf6fa0 DEOPT UNPACKING pc=0x000000385f3c2b43 sp=0x000000385b47b2f0 mode 0
Event: 0.964 Thread 0x000000385bcf6fa0 DEOPT PACKING pc=0x000000385f9ed5be sp=0x000000385b47be70
Event: 0.964 Thread 0x000000385bcf6fa0 DEOPT UNPACKING pc=0x000000385f3c2b43 sp=0x000000385b47b2f0 mode 0
Event: 1.006 Thread 0x000000385bcf6fa0 DEOPT PACKING pc=0x000000385fa94df5 sp=0x000000385b47c550
Event: 1.006 Thread 0x000000385bcf6fa0 DEOPT UNPACKING pc=0x000000385f3c2b43 sp=0x000000385b47b9d8 mode 0

Classes unloaded (0 events):
No events

Classes redefined (0 events):
No events

Internal exceptions (20 events):
Event: 0.293 Thread 0x000000385bcf6fa0 Exception <a 'java/lang/NoSuchMethodError'{0x0000000087f04870}: 'java.lang.Object java.lang.invoke.DirectMethodHandle$Holder.invokeStaticInit(java.lang.Object)'> (0x0000000087f04870) 
thrown [s\src\hotspot\share\interpreter\linkResolver.cpp, line 759]
Event: 0.297 Thread 0x000000385bcf6fa0 Exception <a 'java/lang/NoSuchMethodError'{0x0000000087f11cc8}: 'void java.lang.invoke.DirectMethodHandle$Holder.invokeStatic(java.lang.Object, java.lang.Object)'> (0x0000000087f11cc8) 
thrown [s\src\hotspot\share\interpreter\linkResolver.cpp, line 759]
Event: 0.358 Thread 0x000000385bcf6fa0 Exception <a 'java/lang/NoSuchMethodError'{0x0000000087d9bc88}: 'java.lang.Object java.lang.invoke.DirectMethodHandle$Holder.invokeInterface(java.lang.Object, java.lang.Object)'> (0x0000000087d9bc88) 
thrown [s\src\hotspot\share\interpreter\linkResolver.cpp, line 759]
Event: 0.358 Thread 0x000000385bcf6fa0 Exception <a 'java/lang/IncompatibleClassChangeError'{0x0000000087d9f520}: Found class java.lang.Object, but interface was expected> (0x0000000087d9f520) 
thrown [s\src\hotspot\share\interpreter\linkResolver.cpp, line 826]
Event: 0.371 Thread 0x000000385bcf6fa0 Exception <a 'java/lang/NoSuchMethodError'{0x0000000087c0e210}: 'java.lang.Object java.lang.invoke.DirectMethodHandle$Holder.newInvokeSpecial(java.lang.Object, java.lang.Object, java.lang.Object, java.lang.Object, java.lang.Object)'> (0x0000000087c0e210) 
thrown [s\src\hotspot\share\interpreter\linkResolver.cpp, line 759]
Event: 0.421 Thread 0x000000385bcf6fa0 Exception <a 'java/lang/NoSuchMethodError'{0x0000000087a4d358}: 'int java.lang.invoke.DirectMethodHandle$Holder.invokeSpecial(java.lang.Object, java.lang.Object, java.lang.Object)'> (0x0000000087a4d358) 
thrown [s\src\hotspot\share\interpreter\linkResolver.cpp, line 759]
Event: 0.525 Thread 0x000000385bcf6fa0 Exception <a 'sun/nio/fs/WindowsException'{0x0000000088adf228}> (0x0000000088adf228) 
thrown [s\src\hotspot\share\prims\jni.cpp, line 516]
Event: 0.536 Thread 0x000000385bcf6fa0 Exception <a 'java/lang/NoSuchMethodError'{0x00000000889073b0}: 'int java.lang.invoke.DirectMethodHandle$Holder.invokeStaticInit(java.lang.Object, java.lang.Object, java.lang.Object, java.lang.Object)'> (0x00000000889073b0) 
thrown [s\src\hotspot\share\interpreter\linkResolver.cpp, line 759]
Event: 0.537 Thread 0x000000385bcf6fa0 Exception <a 'java/lang/IncompatibleClassChangeError'{0x0000000088910c20}: Found class java.lang.Object, but interface was expected> (0x0000000088910c20) 
thrown [s\src\hotspot\share\interpreter\linkResolver.cpp, line 826]
Event: 0.537 Thread 0x000000385bcf6fa0 Exception <a 'java/lang/NoSuchMethodError'{0x0000000088914078}: 'void java.lang.invoke.DirectMethodHandle$Holder.invokeStaticInit(java.lang.Object, java.lang.Object)'> (0x0000000088914078) 
thrown [s\src\hotspot\share\interpreter\linkResolver.cpp, line 759]
Event: 0.538 Thread 0x000000385bcf6fa0 Exception <a 'java/lang/NoSuchMethodError'{0x000000008891a698}: 'int java.lang.invoke.DirectMethodHandle$Holder.invokeStaticInit(java.lang.Object, java.lang.Object)'> (0x000000008891a698) 
thrown [s\src\hotspot\share\interpreter\linkResolver.cpp, line 759]
Event: 0.571 Thread 0x000000385bcf6fa0 Exception <a 'java/lang/NoSuchMethodError'{0x00000000889eed78}: 'java.lang.Object java.lang.invoke.DirectMethodHandle$Holder.invokeStaticInit(java.lang.Object, int, int, int, int)'> (0x00000000889eed78) 
thrown [s\src\hotspot\share\interpreter\linkResolver.cpp, line 759]
Event: 0.600 Thread 0x000000385bcf6fa0 Exception <a 'java/lang/NoSuchMethodError'{0x00000000888ceec0}: 'java.lang.Object java.lang.invoke.DirectMethodHandle$Holder.invokeStaticInit(java.lang.Object, java.lang.Object, int, int, int, int)'> (0x00000000888ceec0) 
thrown [s\src\hotspot\share\interpreter\linkResolver.cpp, line 759]
Event: 0.701 Thread 0x000000385bcf6fa0 Exception <a 'java/lang/NoSuchMethodError'{0x00000000882d4e08}: 'java.lang.Object java.lang.invoke.DirectMethodHandle$Holder.invokeVirtual(java.lang.Object, java.lang.Object, java.lang.Object)'> (0x00000000882d4e08) 
thrown [s\src\hotspot\share\interpreter\linkResolver.cpp, line 759]
Event: 0.713 Thread 0x000000385bcf6fa0 Exception <a 'java/lang/NoSuchMethodError'{0x00000000881b0ef0}: 'int java.lang.invoke.DirectMethodHandle$Holder.invokeStatic(java.lang.Object, java.lang.Object, int)'> (0x00000000881b0ef0) 
thrown [s\src\hotspot\share\interpreter\linkResolver.cpp, line 759]
Event: 0.844 Thread 0x000000385bcf6fa0 Exception <a 'java/net/SocketException'{0x0000000088aab2f8}: Socket is not connected: shutdown> (0x0000000088aab2f8) 
thrown [s\src\hotspot\share\prims\jni.cpp, line 535]
Event: 0.844 Thread 0x000000385bcf6fa0 Exception <a 'java/net/SocketException'{0x0000000088aabc18}: Socket is not connected: shutdown> (0x0000000088aabc18) 
thrown [s\src\hotspot\share\prims\jni.cpp, line 535]
Event: 0.896 Thread 0x000000385bcf6fa0 Exception <a 'java/lang/NoClassDefFoundError'{0x00000000886bc8b8}> (0x00000000886bc8b8) 
thrown [s\src\hotspot\share\oops\instanceKlass.cpp, line 1166]
Event: 0.897 Thread 0x000000385bcf6fa0 Exception <a 'java/lang/NoClassDefFoundError'{0x00000000886c98f0}: org/apache/logging/log4j/spi/ExtendedLoggerWrapper> (0x00000000886c98f0) 
thrown [s\src\hotspot\share\classfile\systemDictionary.cpp, line 245]
Event: 0.897 Thread 0x000000385bcf6fa0 Exception <a 'java/lang/NoClassDefFoundError'{0x00000000886d6c98}: org/apache/log4j/Priority> (0x00000000886d6c98) 
thrown [s\src\hotspot\share\classfile\systemDictionary.cpp, line 245]

VM Operations (20 events):
Event: 0.499 Executing VM operation: G1CollectForAllocation
Event: 0.505 Executing VM operation: G1CollectForAllocation done
Event: 0.532 Executing VM operation: HandshakeAllThreads
Event: 0.532 Executing VM operation: HandshakeAllThreads done
Event: 0.717 Executing VM operation: HandshakeAllThreads
Event: 0.717 Executing VM operation: HandshakeAllThreads done
Event: 0.726 Executing VM operation: HandshakeAllThreads
Event: 0.726 Executing VM operation: HandshakeAllThreads done
Event: 0.805 Executing VM operation: G1CollectForAllocation
Event: 0.811 Executing VM operation: G1CollectForAllocation done
Event: 0.894 Executing VM operation: HandshakeAllThreads
Event: 0.894 Executing VM operation: HandshakeAllThreads done
Event: 0.996 Executing VM operation: HandshakeAllThreads
Event: 0.996 Executing VM operation: HandshakeAllThreads done
Event: 1.020 Executing VM operation: CollectForMetadataAllocation
Event: 1.022 Executing VM operation: CollectForMetadataAllocation done
Event: 1.026 Executing VM operation: G1Concurrent
Event: 1.027 Executing VM operation: G1Concurrent done
Event: 1.029 Executing VM operation: G1Concurrent
Event: 1.030 Executing VM operation: G1Concurrent done

Events (20 events):
Event: 1.038 loading class java/nio/channels/SocketChannel
Event: 1.038 loading class java/nio/channels/SocketChannel done
Event: 1.038 loading class sun/nio/ch/SocketChannelImpl
Event: 1.039 loading class sun/nio/ch/SocketChannelImpl done
Event: 1.039 loading class java/nio/channels/spi/AbstractInterruptibleChannel$1
Event: 1.039 loading class sun/nio/ch/Interruptible
Event: 1.039 loading class sun/nio/ch/Interruptible done
Event: 1.039 loading class java/nio/channels/spi/AbstractInterruptibleChannel$1 done
Event: 1.040 loading class java/nio/BufferMismatch
Event: 1.040 loading class java/nio/BufferMismatch done
Event: 1.040 loading class sun/nio/ch/SourceChannelImpl
Event: 1.040 loading class java/nio/channels/Pipe$SourceChannel
Event: 1.040 loading class java/nio/channels/Pipe$SourceChannel done
Event: 1.040 loading class sun/nio/ch/SourceChannelImpl done
Event: 1.040 loading class sun/nio/ch/SinkChannelImpl
Event: 1.040 loading class java/nio/channels/Pipe$SinkChannel
Event: 1.040 loading class java/nio/channels/Pipe$SinkChannel done
Event: 1.040 loading class sun/nio/ch/SinkChannelImpl done
Event: 1.040 loading class sun/nio/ch/SocketChannelImpl$DefaultOptionsHolder
Event: 1.040 loading class sun/nio/ch/SocketChannelImpl$DefaultOptionsHolder done


Dynamic libraries:
0x00007ff6ac740000 - 0x00007ff6ac74e000 	C:\Program Files (x86)\plugins\org.eclipse.justj.openjdk.hotspot.jre.full.win32.x86_64_17.0.5.v20221102-0933\jre\bin\javaw.exe
0x00007ffa1bc00000 - 0x00007ffa1bdad000 	C:\Windows\SYSTEM32\ntdll.dll
0x00007ffa1b3c0000 - 0x00007ffa1b4ff000 	C:\Windows\system32\KERNEL32.DLL
0x00007ffa19160000 - 0x00007ffa19274000 	C:\Windows\system32\KERNELBASE.dll
0x00007ff9f0020000 - 0x00007ff9f0037000 	C:\Program Files (x86)\plugins\org.eclipse.justj.openjdk.hotspot.jre.full.win32.x86_64_17.0.5.v20221102-0933\jre\bin\jli.dll
0x00007ff9f0000000 - 0x00007ff9f0019000 	C:\Program Files (x86)\plugins\org.eclipse.justj.openjdk.hotspot.jre.full.win32.x86_64_17.0.5.v20221102-0933\jre\bin\VCRUNTIME140.dll
0x00007ff9f0340000 - 0x00007ff9f0344000 	C:\Program Files (x86)\plugins\org.eclipse.justj.openjdk.hotspot.jre.full.win32.x86_64_17.0.5.v20221102-0933\jre\bin\api-ms-win-crt-stdio-l1-1-0.dll
0x00007ff9efff0000 - 0x00007ff9efff4000 	C:\Program Files (x86)\plugins\org.eclipse.justj.openjdk.hotspot.jre.full.win32.x86_64_17.0.5.v20221102-0933\jre\bin\api-ms-win-crt-runtime-l1-1-0.dll
0x00007ff9ef9c0000 - 0x00007ff9ef9c3000 	C:\Program Files (x86)\plugins\org.eclipse.justj.openjdk.hotspot.jre.full.win32.x86_64_17.0.5.v20221102-0933\jre\bin\api-ms-win-crt-environment-l1-1-0.dll
0x00007ff9ef590000 - 0x00007ff9ef595000 	C:\Program Files (x86)\plugins\org.eclipse.justj.openjdk.hotspot.jre.full.win32.x86_64_17.0.5.v20221102-0933\jre\bin\api-ms-win-crt-math-l1-1-0.dll
0x00007ff9ef580000 - 0x00007ff9ef583000 	C:\Program Files (x86)\plugins\org.eclipse.justj.openjdk.hotspot.jre.full.win32.x86_64_17.0.5.v20221102-0933\jre\bin\api-ms-win-crt-locale-l1-1-0.dll
0x00007ff9ef570000 - 0x00007ff9ef573000 	C:\Program Files (x86)\plugins\org.eclipse.justj.openjdk.hotspot.jre.full.win32.x86_64_17.0.5.v20221102-0933\jre\bin\api-ms-win-crt-heap-l1-1-0.dll
0x00007ffa15370000 - 0x00007ffa155eb000 	C:\Windows\WinSxS\amd64_microsoft.windows.common-controls_6595b64144ccf1df_6.0.9600.19394_none_62486577ecb635cf\COMCTL32.dll
0x00007ffa1b500000 - 0x00007ffa1b677000 	C:\Windows\system32\USER32.dll
0x00007ff9ef560000 - 0x00007ff9ef563000 	C:\Program Files (x86)\plugins\org.eclipse.justj.openjdk.hotspot.jre.full.win32.x86_64_17.0.5.v20221102-0933\jre\bin\api-ms-win-crt-filesystem-l1-1-0.dll
0x00007ff9ef550000 - 0x00007ff9ef554000 	C:\Program Files (x86)\plugins\org.eclipse.justj.openjdk.hotspot.jre.full.win32.x86_64_17.0.5.v20221102-0933\jre\bin\api-ms-win-crt-string-l1-1-0.dll
0x00007ff9ef540000 - 0x00007ff9ef544000 	C:\Program Files (x86)\plugins\org.eclipse.justj.openjdk.hotspot.jre.full.win32.x86_64_17.0.5.v20221102-0933\jre\bin\api-ms-win-crt-convert-l1-1-0.dll
0x00007ffa19560000 - 0x00007ffa1960a000 	C:\Windows\system32\msvcrt.dll
0x00007ffa1ba90000 - 0x00007ffa1bbdf000 	C:\Windows\system32\GDI32.dll
0x00007ff9eb7f0000 - 0x00007ff9eb8ea000 	C:\Program Files (x86)\plugins\org.eclipse.justj.openjdk.hotspot.jre.full.win32.x86_64_17.0.5.v20221102-0933\jre\bin\ucrtbase.DLL
0x00007ffa19610000 - 0x00007ffa19646000 	C:\Windows\system32\IMM32.DLL
0x00007ffa1b920000 - 0x00007ffa1ba71000 	C:\Windows\system32\MSCTF.dll
0x00007ff9ef530000 - 0x00007ff9ef53c000 	C:\Program Files (x86)\plugins\org.eclipse.justj.openjdk.hotspot.jre.full.win32.x86_64_17.0.5.v20221102-0933\jre\bin\vcruntime140_1.dll
0x00007ff9ebf90000 - 0x00007ff9ec021000 	C:\Program Files (x86)\plugins\org.eclipse.justj.openjdk.hotspot.jre.full.win32.x86_64_17.0.5.v20221102-0933\jre\bin\msvcp140.dll
0x00007ff9ef520000 - 0x00007ff9ef523000 	C:\Program Files (x86)\plugins\org.eclipse.justj.openjdk.hotspot.jre.full.win32.x86_64_17.0.5.v20221102-0933\jre\bin\api-ms-win-crt-time-l1-1-0.dll
0x00007ff9ef510000 - 0x00007ff9ef513000 	C:\Program Files (x86)\plugins\org.eclipse.justj.openjdk.hotspot.jre.full.win32.x86_64_17.0.5.v20221102-0933\jre\bin\api-ms-win-crt-utility-l1-1-0.dll
0x00007ff9e9f10000 - 0x00007ff9eab54000 	C:\Program Files (x86)\plugins\org.eclipse.justj.openjdk.hotspot.jre.full.win32.x86_64_17.0.5.v20221102-0933\jre\bin\server\jvm.dll
0x00007ffa197a0000 - 0x00007ffa1984d000 	C:\Windows\system32\ADVAPI32.dll
0x00007ff9ff770000 - 0x00007ff9ff779000 	C:\Windows\SYSTEM32\WSOCK32.dll
0x00007ffa16740000 - 0x00007ffa16762000 	C:\Windows\SYSTEM32\WINMM.dll
0x00007ffa17b60000 - 0x00007ffa17b6a000 	C:\Windows\SYSTEM32\VERSION.dll
0x00007ffa19850000 - 0x00007ffa198ab000 	C:\Windows\SYSTEM32\sechost.dll
0x00007ffa19ce0000 - 0x00007ffa19e15000 	C:\Windows\system32\RPCRT4.dll
0x00007ffa1b350000 - 0x00007ffa1b3aa000 	C:\Windows\system32\WS2_32.dll
0x00007ffa16710000 - 0x00007ffa1673a000 	C:\Windows\SYSTEM32\WINMMBASE.dll
0x00007ffa18d70000 - 0x00007ffa18d9e000 	C:\Windows\system32\SspiCli.dll
0x00007ffa1b3b0000 - 0x00007ffa1b3b9000 	C:\Windows\system32\NSI.dll
0x00007ffa19110000 - 0x00007ffa1915f000 	C:\Windows\SYSTEM32\cfgmgr32.dll
0x00007ffa178e0000 - 0x00007ffa17908000 	C:\Windows\SYSTEM32\DEVOBJ.dll
0x00007ffa10980000 - 0x00007ffa1098a000 	C:\Program Files (x86)\plugins\org.eclipse.justj.openjdk.hotspot.jre.full.win32.x86_64_17.0.5.v20221102-0933\jre\bin\jimage.dll
0x00007ffa0ec40000 - 0x00007ffa0edca000 	C:\Windows\SYSTEM32\DBGHELP.DLL
0x00007ff9f5150000 - 0x00007ff9f5175000 	C:\Program Files (x86)\plugins\org.eclipse.justj.openjdk.hotspot.jre.full.win32.x86_64_17.0.5.v20221102-0933\jre\bin\java.dll
0x00007ff9f3610000 - 0x00007ff9f3628000 	C:\Program Files (x86)\plugins\org.eclipse.justj.openjdk.hotspot.jre.full.win32.x86_64_17.0.5.v20221102-0933\jre\bin\zip.dll
0x00007ffa19e20000 - 0x00007ffa1b34f000 	C:\Windows\system32\SHELL32.dll
0x00007ffa198b0000 - 0x00007ffa19ac2000 	C:\Windows\SYSTEM32\combase.dll
0x00007ffa19500000 - 0x00007ffa19554000 	C:\Windows\system32\SHLWAPI.dll
0x00007ffa17040000 - 0x00007ffa170f2000 	C:\Windows\SYSTEM32\SHCORE.dll
0x00007ffa18ca0000 - 0x00007ffa18cb5000 	C:\Windows\SYSTEM32\profapi.dll
0x00007ff9f35f0000 - 0x00007ff9f3609000 	C:\Program Files (x86)\plugins\org.eclipse.justj.openjdk.hotspot.jre.full.win32.x86_64_17.0.5.v20221102-0933\jre\bin\net.dll
0x00007ffa0e3e0000 - 0x00007ffa0e4a9000 	C:\Windows\SYSTEM32\WINHTTP.dll
0x0000000180000000 - 0x000000018006e000 	C:\Windows\system32\LavasoftTcpService64.dll
0x00007ffa184e0000 - 0x00007ffa18539000 	C:\Windows\SYSTEM32\MSWSOCK.dll
0x00007ffa17b70000 - 0x00007ffa17b9a000 	C:\Windows\SYSTEM32\IPHLPAPI.DLL
0x00007ffa19ad0000 - 0x00007ffa19c65000 	C:\Windows\system32\ole32.dll
0x00007ffa196d0000 - 0x00007ffa19796000 	C:\Windows\system32\OLEAUT32.dll
0x00007ffa17b50000 - 0x00007ffa17b5a000 	C:\Windows\SYSTEM32\WINNSI.DLL
0x00007ff9f35d0000 - 0x00007ff9f35e5000 	C:\Program Files (x86)\plugins\org.eclipse.justj.openjdk.hotspot.jre.full.win32.x86_64_17.0.5.v20221102-0933\jre\bin\nio.dll
0x00007ffa17910000 - 0x00007ffa1791b000 	C:\Windows\SYSTEM32\kernel.appcore.dll
0x00007ffa18c10000 - 0x00007ffa18c1b000 	C:\Windows\SYSTEM32\CRYPTBASE.dll
0x00007ffa18aa0000 - 0x00007ffa18b03000 	C:\Windows\SYSTEM32\bcryptPrimitives.dll
0x00007ffa17740000 - 0x00007ffa17869000 	C:\Windows\system32\uxtheme.dll
0x00007ffa11ea0000 - 0x00007ffa11eb6000 	C:\Windows\SYSTEM32\dhcpcsvc6.DLL
0x00007ffa11e80000 - 0x00007ffa11e9a000 	C:\Windows\SYSTEM32\dhcpcsvc.DLL
0x00007ff9f35c0000 - 0x00007ff9f35d0000 	C:\Program Files (x86)\plugins\org.eclipse.justj.openjdk.hotspot.jre.full.win32.x86_64_17.0.5.v20221102-0933\jre\bin\verify.dll
0x00007ffa18540000 - 0x00007ffa18560000 	C:\Windows\SYSTEM32\CRYPTSP.dll
0x00007ffa18160000 - 0x00007ffa18196000 	C:\Windows\system32\rsaenh.dll
0x00007ffa18780000 - 0x00007ffa187a6000 	C:\Windows\SYSTEM32\bcrypt.dll
0x00007ffa18270000 - 0x00007ffa18291000 	C:\Windows\SYSTEM32\USERENV.dll
0x00007ffa182e0000 - 0x00007ffa18384000 	C:\Windows\SYSTEM32\DNSAPI.dll
0x00007ffa006e0000 - 0x00007ffa006ea000 	C:\Windows\System32\rasadhlp.dll
0x00007ffa121b0000 - 0x00007ffa1221b000 	C:\Windows\System32\fwpuclnt.dll
0x00007ff9f1d10000 - 0x00007ff9f1d19000 	C:\Program Files (x86)\plugins\org.eclipse.justj.openjdk.hotspot.jre.full.win32.x86_64_17.0.5.v20221102-0933\jre\bin\management.dll
0x00007ff9f1d00000 - 0x00007ff9f1d0b000 	C:\Program Files (x86)\plugins\org.eclipse.justj.openjdk.hotspot.jre.full.win32.x86_64_17.0.5.v20221102-0933\jre\bin\management_ext.dll
0x00007ffa1ba80000 - 0x00007ffa1ba87000 	C:\Windows\system32\PSAPI.DLL
0x00007ff9f1d60000 - 0x00007ff9f1d6e000 	C:\Program Files (x86)\plugins\org.eclipse.justj.openjdk.hotspot.jre.full.win32.x86_64_17.0.5.v20221102-0933\jre\bin\sunmscapi.dll
0x00007ffa18e50000 - 0x00007ffa190a7000 	C:\Windows\system32\CRYPT32.dll
0x00007ffa18750000 - 0x00007ffa18775000 	C:\Windows\SYSTEM32\ncrypt.dll
0x00007ffa18d50000 - 0x00007ffa18d61000 	C:\Windows\system32\MSASN1.dll
0x00007ffa18710000 - 0x00007ffa18747000 	C:\Windows\SYSTEM32\NTASN1.dll

dbghelp: loaded successfully - version: 4.0.5 - missing functions: none
symbol engine: initialized successfully - sym options: 0x614 - pdb path: .;C:\Program Files (x86)\plugins\org.eclipse.justj.openjdk.hotspot.jre.full.win32.x86_64_17.0.5.v20221102-0933\jre\bin;C:\Windows\SYSTEM32;C:\Windows\WinSxS\amd64_microsoft.windows.common-controls_6595b64144ccf1df_6.0.9600.19394_none_62486577ecb635cf;C:\Program Files (x86)\plugins\org.eclipse.justj.openjdk.hotspot.jre.full.win32.x86_64_17.0.5.v20221102-0933\jre\bin\server

VM Arguments:
jvm_args: -ea -Dfile.encoding=windows-1252 -XX:+ShowCodeDetailsInExceptionMessages 
java_command: org.eclipse.jdt.internal.junit.runner.RemoteTestRunner -version 3 -port 50302 -testLoaderClass org.eclipse.jdt.internal.junit4.runner.JUnit4TestLoader -loaderpluginname org.eclipse.jdt.junit4.runtime -classNames TestCases.RealizarCompraComSucessoTest
java_class_path (initial): C:\Users\Morgana\Desktop\BANRISUL\Treinamento\Automacao\Automacao\demo\target\test-classes;C:\Users\Morgana\Desktop\BANRISUL\Treinamento\Automacao\Automacao\demo\target\classes;C:\Program Files (x86)\plugins\junit-jupiter-api_5.9.1.jar;C:\Program Files (x86)\plugins\junit-jupiter-engine_5.9.1.jar;C:\Program Files (x86)\plugins\junit-jupiter-migrationsupport_5.9.1.jar;C:\Program Files (x86)\plugins\junit-jupiter-params_5.9.1.jar;C:\Program Files (x86)\plugins\junit-platform-commons_1.9.1.jar;C:\Program Files (x86)\plugins\junit-platform-engine_1.9.1.jar;C:\Program Files (x86)\plugins\junit-platform-launcher_1.9.1.jar;C:\Program Files (x86)\plugins\junit-platform-runner_1.9.1.jar;C:\Program Files (x86)\plugins\junit-platform-suite-api_1.9.1.jar;C:\Program Files (x86)\plugins\junit-platform-suite-engine_1.9.1.jar;C:\Program Files (x86)\plugins\junit-platform-suite-commons_1.9.1.jar;C:\Program Files (x86)\plugins\junit-vintage-engine_5.9.1.jar;C:\Program Files (x86)\plugins\org.opentest4j_1.2.0.jar;C:\Program Files (x86)\plugins\org.apiguardian.api_1.1.2.jar;C:\Program Files (x86)\plugins\org.junit_4.13.2.v20211018-1956.jar;C:\Program Files (x86)\plugins\org.hamcrest.core_1.3.0.v20180420-1519.jar;C:\Users\Morgana\.m2\repository\org\seleniumhq\selenium\selenium-java\4.8.1\selenium-java-4.8.1.jar;C:\Users\Morgana\.m2\repository\org\seleniumhq\selenium\selenium-api\4.8.1\selenium-api-4.8.1.jar;C:\Users\Morgana\.m2\repository\org\seleniumhq\selenium\selenium-chrome-driver\4.8.1\selenium-chrome-driver-4.8.1.jar;C:\Users\Morgana\.m2\repository\com\google\auto\service\auto-service-annotations\1.0.1\auto-service-annotations-1.0.1.jar;C:\Users\Morgana\.m2\repository\com\google\auto\service\auto-service\1.0.1\auto-service-1.0.1.jar;C:\Users\Morgana\.m2\repository\com\google\auto\auto-common\1.2\auto-common-1.2.jar;C:\Users\Morgana\.m2\repository\com\google\guava\guava\31.1-jre\guava-31.1-jre.jar;C:\Users\Morgana\.m2\repository\com\google\guava\failure
Launcher Type: SUN_STANDARD

[Global flags]
     intx CICompilerCount                          = 4                                         {product} {ergonomic}
     uint ConcGCThreads                            = 2                                         {product} {ergonomic}
     uint G1ConcRefinementThreads                  = 8                                         {product} {ergonomic}
   size_t G1HeapRegionSize                         = 1048576                                   {product} {ergonomic}
    uintx GCDrainStackTargetSize                   = 64                                        {product} {ergonomic}
   size_t InitialHeapSize                          = 134217728                                 {product} {ergonomic}
   size_t MarkStackSize                            = 4194304                                   {product} {ergonomic}
   size_t MaxHeapSize                              = 2134900736                                {product} {ergonomic}
   size_t MaxNewSize                               = 1280311296                                {product} {ergonomic}
   size_t MinHeapDeltaBytes                        = 1048576                                   {product} {ergonomic}
   size_t MinHeapSize                              = 8388608                                   {product} {ergonomic}
    uintx NonNMethodCodeHeapSize                   = 5839372                                {pd product} {ergonomic}
    uintx NonProfiledCodeHeapSize                  = 122909434                              {pd product} {ergonomic}
    uintx ProfiledCodeHeapSize                     = 122909434                              {pd product} {ergonomic}
    uintx ReservedCodeCacheSize                    = 251658240                              {pd product} {ergonomic}
     bool SegmentedCodeCache                       = true                                      {product} {ergonomic}
     bool ShowCodeDetailsInExceptionMessages       = true                                   {manageable} {command line}
   size_t SoftMaxHeapSize                          = 2134900736                             {manageable} {ergonomic}
     bool UseCompressedClassPointers               = true                           {product lp64_product} {ergonomic}
     bool UseCompressedOops                        = true                           {product lp64_product} {ergonomic}
     bool UseG1GC                                  = true                                      {product} {ergonomic}
     bool UseLargePagesIndividualAllocation        = false                                  {pd product} {ergonomic}

Logging:
Log output configuration:
 #0: stdout all=warning uptime,level,tags
 #1: stderr all=off uptime,level,tags

Environment Variables:
PATH=C:/Program Files (x86)//plugins/org.eclipse.justj.openjdk.hotspot.jre.full.win32.x86_64_17.0.5.v20221102-0933/jre/bin/server;C:/Program Files (x86)//plugins/org.eclipse.justj.openjdk.hotspot.jre.full.win32.x86_64_17.0.5.v20221102-0933/jre/bin;c:\Program Files (x86)\Intel\iCLS Client\;c:\Program Files\Intel\iCLS Client\;C:\Windows\system32;C:\Windows;C:\Windows\System32\Wbem;C:\Windows\System32\WindowsPowerShell\v1.0\;C:\Program Files\Intel\Intel(R) Management Engine Components\DAL;C:\Program Files\Intel\Intel(R) Management Engine Components\IPT;C:\Program Files (x86)\Intel\Intel(R) Management Engine Components\DAL;C:\Program Files (x86)\Intel\Intel(R) Management Engine Components\IPT;c:\Program Files (x86)\Microsoft SQL Server\110\Tools\Binn\;c:\Program Files\Microsoft SQL Server\110\Tools\Binn\;c:\Program Files\Microsoft SQL Server\110\DTS\Binn\;C:\Program Files\Common Files\Autodesk Shared\;C:\Program Files (x86);
USERNAME=Morgana
OS=Windows_NT
PROCESSOR_IDENTIFIER=Intel64 Family 6 Model 60 Stepping 3, GenuineIntel
TMP=C:\Users\Morgana\AppData\Local\Temp
TEMP=C:\Users\Morgana\AppData\Local\Temp



---------------  S Y S T E M  ---------------

OS:
 Windows 8.1 , 64 bit Build 9600 (6.3.9600.20778)
OS uptime: 0 days 23:07 hours

CPU: total 8 (initial active 8) (4 cores per cpu, 2 threads per core) family 6 model 60 stepping 3 microcode 0x1c, cx8, cmov, fxsr, ht, mmx, sse, sse2, sse3, ssse3, sse4.1, sse4.2, popcnt, lzcnt, tsc, tscinvbit, avx, avx2, aes, erms, clmul, bmi1, bmi2, fma, vzeroupper, clflush

Memory: 4k page, system-wide physical 8143M (4873M free)
TotalPageFile size 16335M (AvailPageFile size 11104M)
current process WorkingSet (physical memory assigned to process): 117M, peak: 139M
current process commit charge ("private bytes"): 183M, peak: 269M

vm_info: OpenJDK 64-Bit Server VM (17.0.5+8) for windows-amd64 JRE (17.0.5+8), built on Oct 19 2022 04:48:13 by "temurin" with MS VC++ 16.7 (VS2019)

END.
